Unity Editor version:    2021.3.18f1 (3129e69bc0c7)
Branch:                  2021.3/staging
Build type:              Release
Batch mode:              YES
macOS version:           Version 13.1 (Build 22C65)
Darwin version:          22.2.0
Architecture:            arm64
Running under Rosetta:   NO
Available memory:        16384 MB
Using pre-set license
Pro License: YES

COMMAND LINE ARGUMENTS:
/Applications/Unity/Hub/Editor/2021.3.18f1/Unity.app/Contents/MacOS/Unity
-adb2
-batchMode
-noUpm
-name
AssetImportWorker0
-projectPath
/Users/matthewphillips/projects/First_unity_project/Argon_Assult
-logFile
Logs/AssetImportWorker0.log
-srvPort
49725
Successfully changed project path to: /Users/matthewphillips/projects/First_unity_project/Argon_Assult
/Users/matthewphillips/projects/First_unity_project/Argon_Assult
[UnityMemory] Configuration Parameters - Can be set up in boot.config
    "memorysetup-bucket-allocator-granularity=16"
    "memorysetup-bucket-allocator-bucket-count=8"
    "memorysetup-bucket-allocator-block-size=33554432"
    "memorysetup-bucket-allocator-block-count=8"
    "memorysetup-main-allocator-block-size=16777216"
    "memorysetup-thread-allocator-block-size=16777216"
    "memorysetup-gfx-main-allocator-block-size=16777216"
    "memorysetup-gfx-thread-allocator-block-size=16777216"
    "memorysetup-cache-allocator-block-size=4194304"
    "memorysetup-typetree-allocator-block-size=2097152"
    "memorysetup-profiler-bucket-allocator-granularity=16"
    "memorysetup-profiler-bucket-allocator-bucket-count=8"
    "memorysetup-profiler-bucket-allocator-block-size=33554432"
    "memorysetup-profiler-bucket-allocator-block-count=8"
    "memorysetup-profiler-allocator-block-size=16777216"
    "memorysetup-profiler-editor-allocator-block-size=1048576"
    "memorysetup-temp-allocator-size-main=16777216"
    "memorysetup-job-temp-allocator-block-size=2097152"
    "memorysetup-job-temp-allocator-block-size-background=1048576"
    "memorysetup-job-temp-allocator-reduction-small-platforms=262144"
    "memorysetup-temp-allocator-size-background-worker=32768"
    "memorysetup-temp-allocator-size-job-worker=262144"
    "memorysetup-temp-allocator-size-preload-manager=33554432"
    "memorysetup-temp-allocator-size-nav-mesh-worker=65536"
    "memorysetup-temp-allocator-size-audio-worker=65536"
    "memorysetup-temp-allocator-size-cloud-worker=32768"
    "memorysetup-temp-allocator-size-gi-baking-worker=262144"
    "memorysetup-temp-allocator-size-gfx=262144"
Player connection [8217246336] Host "[IP] 192.168.0.104 [Port] 0 [Flags] 2 [Guid] 3304104476 [EditorId] 3304104476 [Version] 1048832 [Id] OSXEditor(0,Matthews-MBP.cable.rcn.com) [Debug] 1 [PackageName] OSXEditor [ProjectName] Editor" joined multi-casting on [225.0.0.222:54997]...

Player connection [8217246336] Host "[IP] 192.168.0.104 [Port] 0 [Flags] 2 [Guid] 3304104476 [EditorId] 3304104476 [Version] 1048832 [Id] OSXEditor(0,Matthews-MBP.cable.rcn.com) [Debug] 1 [PackageName] OSXEditor [ProjectName] Editor" joined alternative multi-casting on [225.0.0.222:34997]...

Refreshing native plugins compatible for Editor in 63.54 ms, found 2 plugins.
Preloading 0 native plugins for Editor in 0.00 ms.
Initialize engine version: 2021.3.18f1 (3129e69bc0c7)
[Subsystems] Discovering subsystems at path /Applications/Unity/Hub/Editor/2021.3.18f1/Unity.app/Contents/Resources/UnitySubsystems
[Subsystems] Discovering subsystems at path /Users/matthewphillips/projects/First_unity_project/Argon_Assult/Assets
GfxDevice: creating device client; threaded=0; jobified=0
 preferred device: Apple M1 Pro (high power)
Metal devices available: 1
0: Apple M1 Pro (high power)
Using device Apple M1 Pro (high power)
Initializing Metal device caps: Apple M1 Pro
Initialize mono
Mono path[0] = '/Applications/Unity/Hub/Editor/2021.3.18f1/Unity.app/Contents/Managed'
Mono path[1] = '/Applications/Unity/Hub/Editor/2021.3.18f1/Unity.app/Contents/MonoBleedingEdge/lib/mono/unityjit-macos'
Mono config path = '/Applications/Unity/Hub/Editor/2021.3.18f1/Unity.app/Contents/MonoBleedingEdge/etc'
Using monoOptions --debugger-agent=transport=dt_socket,embedding=1,server=y,suspend=n,address=127.0.0.1:56417
Begin MonoManager ReloadAssembly
Registering precompiled unity dll's ...
Register platform support module: /Applications/Unity/Hub/Editor/2021.3.18f1/PlaybackEngines/WebGLSupport/UnityEditor.WebGL.Extensions.dll
Register platform support module: /Applications/Unity/Hub/Editor/2021.3.18f1/Unity.app/Contents/PlaybackEngines/MacStandaloneSupport/UnityEditor.OSXStandalone.Extensions.dll
Registered in 0.000535 seconds.
Native extension for OSXStandalone target not found
Native extension for WebGL target not found
Refreshing native plugins compatible for Editor in 68.26 ms, found 2 plugins.
Preloading 0 native plugins for Editor in 0.00 ms.
Mono: successfully reloaded assembly
- Completed reload, in  0.400 seconds
Domain Reload Profiling:
	ReloadAssembly (400ms)
		BeginReloadAssembly (25ms)
			ExecutionOrderSort (0ms)
			DisableScriptedObjects (0ms)
			BackupInstance (0ms)
			ReleaseScriptingObjects (0ms)
			CreateAndSetChildDomain (0ms)
		EndReloadAssembly (305ms)
			LoadAssemblies (25ms)
			RebuildTransferFunctionScriptingTraits (0ms)
			SetupTypeCache (76ms)
			ReleaseScriptCaches (0ms)
			RebuildScriptCaches (23ms)
			SetupLoadedEditorAssemblies (178ms)
				LogAssemblyErrors (0ms)
				InitializePlatformSupportModulesInManaged (4ms)
				SetLoadedEditorAssemblies (0ms)
				RefreshPlugins (68ms)
				BeforeProcessingInitializeOnLoad (1ms)
				ProcessInitializeOnLoadAttributes (79ms)
				ProcessInitializeOnLoadMethodAttributes (26ms)
				AfterProcessingInitializeOnLoad (0ms)
				EditorAssembliesLoaded (0ms)
			ExecutionOrderSort2 (0ms)
			AwakeInstancesAfterBackupRestoration (0ms)
Platform modules already initialized, skipping
Registering precompiled user dll's ...
Registered in 0.001383 seconds.
Begin MonoManager ReloadAssembly
Symbol file LoadedFromMemory doesn't match image /Users/matthewphillips/projects/First_unity_project/Argon_Assult/Library/PackageCache/com.unity.visualscripting@1.8.0/Editor/VisualScripting.Core/Dependencies/YamlDotNet/Unity.VisualScripting.YamlDotNet.dll
Symbol file LoadedFromMemory doesn't match image /Users/matthewphillips/projects/First_unity_project/Argon_Assult/Library/PackageCache/com.unity.visualscripting@1.8.0/Editor/VisualScripting.Core/Dependencies/DotNetZip/Unity.VisualScripting.IonicZip.dll
Native extension for OSXStandalone target not found
Native extension for WebGL target not found
Refreshing native plugins compatible for Editor in 65.87 ms, found 2 plugins.
Preloading 0 native plugins for Editor in 0.00 ms.
Mono: successfully reloaded assembly
- Completed reload, in  0.735 seconds
Domain Reload Profiling:
	ReloadAssembly (735ms)
		BeginReloadAssembly (53ms)
			ExecutionOrderSort (0ms)
			DisableScriptedObjects (3ms)
			BackupInstance (0ms)
			ReleaseScriptingObjects (0ms)
			CreateAndSetChildDomain (15ms)
		EndReloadAssembly (609ms)
			LoadAssemblies (26ms)
			RebuildTransferFunctionScriptingTraits (0ms)
			SetupTypeCache (193ms)
			ReleaseScriptCaches (0ms)
			RebuildScriptCaches (42ms)
			SetupLoadedEditorAssemblies (311ms)
				LogAssemblyErrors (0ms)
				InitializePlatformSupportModulesInManaged (2ms)
				SetLoadedEditorAssemblies (0ms)
				RefreshPlugins (66ms)
				BeforeProcessingInitializeOnLoad (55ms)
				ProcessInitializeOnLoadAttributes (177ms)
				ProcessInitializeOnLoadMethodAttributes (9ms)
				AfterProcessingInitializeOnLoad (1ms)
				EditorAssembliesLoaded (0ms)
			ExecutionOrderSort2 (0ms)
			AwakeInstancesAfterBackupRestoration (2ms)
Platform modules already initialized, skipping
========================================================================
Worker process is ready to serve import requests
Launching external process: /Applications/Unity/Hub/Editor/2021.3.18f1/Unity.app/Contents/Tools/UnityShaderCompiler
Launched and connected shader compiler UnityShaderCompiler after 0.05 seconds
Refreshing native plugins compatible for Editor in 0.38 ms, found 2 plugins.
Preloading 0 native plugins for Editor in 0.00 ms.
Unloading 3235 Unused Serialized files (Serialized files now loaded: 0)
Unloading 46 unused Assets / (1.7 MB). Loaded Objects now: 3707.
Memory consumption went from 129.4 MB to 127.7 MB.
Total: 2.275500 ms (FindLiveObjects: 0.094667 ms CreateObjectMapping: 0.034708 ms MarkObjects: 1.914125 ms  DeleteObjects: 0.231291 ms)

AssetImportParameters requested are different than current active one (requested -> active):
  custom:video-decoder-ogg-theora: a1e56fd34408186e4bbccfd4996cb3dc -> 
  custom:container-muxer-webm: aa71ff27fc2769a1b78a27578f13a17b -> 
  custom:container-demuxer-webm: 4f35f7cbe854078d1ac9338744f61a02 -> 
  custom:video-encoder-webm-vp8: eb34c28f22e8b96e1ab97ce403110664 -> 
  custom:framework-osx-AVFoundation: e770b220cccbd017edd2c1fefb359320 -> 
  custom:audio-encoder-webm-vorbis: bf7c407c2cedff20999df2af8eb42d56 -> 
  custom:container-demuxer-ogg: 62fdf1f143b41e24485cea50d1cbac27 -> 
  custom:video-decoder-webm-vp8: 9c59270c3fd7afecdb556c50c9e8de78 -> 
  custom:audio-decoder-ogg-vorbis: bf7c407c2cedff20999df2af8eb42d56 -> 
========================================================================
Received Import Request.
  Time since last request: 6308.564269 seconds.
  path: Assets/New Terrain.asset
  artifactKey: Guid(212fa4bd7483b4b88a1b55e74e25f279) Importer(815301076,1909f56bfc062723c751e8b465ee728b)
Start importing Assets/New Terrain.asset using Guid(212fa4bd7483b4b88a1b55e74e25f279) Importer(815301076,1909f56bfc062723c751e8b465ee728b)  -> (artifact id: '83a14a167888e62554b9a31537971b11') in 0.043469 seconds 
========================================================================
Received Import Request.
  Time since last request: 25.270103 seconds.
  path: Assets/3D Haven
  artifactKey: Guid(ea2dae2cb1148764181ff0ebfbf8887e) Importer(815301076,1909f56bfc062723c751e8b465ee728b)
Start importing Assets/3D Haven using Guid(ea2dae2cb1148764181ff0ebfbf8887e) Importer(815301076,1909f56bfc062723c751e8b465ee728b)  -> (artifact id: '36a73423fd49ba87e9740e7f7382b9b1') in 0.002032 seconds 
========================================================================
Received Import Request.
  Time since last request: 0.711524 seconds.
  path: Assets/3D Haven/Free Fantasy Terrain Textures
  artifactKey: Guid(d05ced541ace9ba4eb722e15a0702ae7) Importer(815301076,1909f56bfc062723c751e8b465ee728b)
Start importing Assets/3D Haven/Free Fantasy Terrain Textures using Guid(d05ced541ace9ba4eb722e15a0702ae7) Importer(815301076,1909f56bfc062723c751e8b465ee728b)  -> (artifact id: '0b6013fe9b381a17d58bec59d488489c') in 0.001703 seconds 
========================================================================
Received Import Request.
  Time since last request: 1.363945 seconds.
  path: Assets/3D Haven/Free Fantasy Terrain Textures/Textures
  artifactKey: Guid(ae6fbe5a003c69b4284db435b93226f5) Importer(815301076,1909f56bfc062723c751e8b465ee728b)
Start importing Assets/3D Haven/Free Fantasy Terrain Textures/Textures using Guid(ae6fbe5a003c69b4284db435b93226f5) Importer(815301076,1909f56bfc062723c751e8b465ee728b)  -> (artifact id: '2e5e4ddd8074e9ef4e3cb127af803692') in 0.001798 seconds 
========================================================================
Received Import Request.
  Time since last request: 4.015724 seconds.
  path: Assets/3D Haven/Free Fantasy Terrain Textures/Textures/1K Resolution
  artifactKey: Guid(face3ac06f1e6564693ae0e942eae346) Importer(815301076,1909f56bfc062723c751e8b465ee728b)
Start importing Assets/3D Haven/Free Fantasy Terrain Textures/Textures/1K Resolution using Guid(face3ac06f1e6564693ae0e942eae346) Importer(815301076,1909f56bfc062723c751e8b465ee728b)  -> (artifact id: 'eac26fcbb12edfc22b6e0c49fa67b6c6') in 0.001610 seconds 
========================================================================
Received Import Request.
  Time since last request: 0.051828 seconds.
  path: Assets/3D Haven/Free Fantasy Terrain Textures/Textures/1K Resolution/3DH FTT Cliff_001 1K.png
  artifactKey: Guid(02f172ba43ed44741a8b3bd602b1a5ac) Importer(815301076,1909f56bfc062723c751e8b465ee728b)
Start importing Assets/3D Haven/Free Fantasy Terrain Textures/Textures/1K Resolution/3DH FTT Cliff_001 1K.png using Guid(02f172ba43ed44741a8b3bd602b1a5ac) Importer(815301076,1909f56bfc062723c751e8b465ee728b)  -> (artifact id: '9150f4bd3b3ddb5528a99ba28d9fe936') in 0.441792 seconds 
========================================================================
Received Import Request.
  Time since last request: 0.000049 seconds.
  path: Assets/3D Haven/Free Fantasy Terrain Textures/Textures/1K Resolution/3DH FTT Path_001 Sand_001 1K.png
  artifactKey: Guid(049faeb2cfb53824f99ad440b0884816) Importer(815301076,1909f56bfc062723c751e8b465ee728b)
Start importing Assets/3D Haven/Free Fantasy Terrain Textures/Textures/1K Resolution/3DH FTT Path_001 Sand_001 1K.png using Guid(049faeb2cfb53824f99ad440b0884816) Importer(815301076,1909f56bfc062723c751e8b465ee728b)  -> (artifact id: 'a0673f3e593f5593ac74536fc529a47e') in 0.004867 seconds 
========================================================================
Received Import Request.
  Time since last request: 0.000069 seconds.
  path: Assets/3D Haven/Free Fantasy Terrain Textures/Textures/1K Resolution/3DH FTT Grass_002 Rocks_001 1K.png
  artifactKey: Guid(bebb062f20e6a2f409ae57cf3ab4f946) Importer(815301076,1909f56bfc062723c751e8b465ee728b)
Start importing Assets/3D Haven/Free Fantasy Terrain Textures/Textures/1K Resolution/3DH FTT Grass_002 Rocks_001 1K.png using Guid(bebb062f20e6a2f409ae57cf3ab4f946) Importer(815301076,1909f56bfc062723c751e8b465ee728b)  -> (artifact id: '97e8c59941b0fb7c9e9e0eadc426b49b') in 0.005842 seconds 
========================================================================
Received Import Request.
  Time since last request: 0.000046 seconds.
  path: Assets/3D Haven/Free Fantasy Terrain Textures/Textures/1K Resolution/3DH FTT ForestGround_001 Grass_002 1K.png
  artifactKey: Guid(2862d24a5e6d6c049be2492f76bc1c2c) Importer(815301076,1909f56bfc062723c751e8b465ee728b)
Start importing Assets/3D Haven/Free Fantasy Terrain Textures/Textures/1K Resolution/3DH FTT ForestGround_001 Grass_002 1K.png using Guid(2862d24a5e6d6c049be2492f76bc1c2c) Importer(815301076,1909f56bfc062723c751e8b465ee728b)  -> (artifact id: 'b9a1f540884a400cab89b009fcd9cad7') in 0.004713 seconds 
========================================================================
Received Import Request.
  Time since last request: 0.000052 seconds.
  path: Assets/3D Haven/Free Fantasy Terrain Textures/Textures/1K Resolution/3DH FTT Grass_002 Dirt_001 1K.png
  artifactKey: Guid(f5912f36d334ed541baa86076c53f4fa) Importer(815301076,1909f56bfc062723c751e8b465ee728b)
Start importing Assets/3D Haven/Free Fantasy Terrain Textures/Textures/1K Resolution/3DH FTT Grass_002 Dirt_001 1K.png using Guid(f5912f36d334ed541baa86076c53f4fa) Importer(815301076,1909f56bfc062723c751e8b465ee728b)  -> (artifact id: '515e88f1d3821903fc2ac48dc440e613') in 0.004459 seconds 
========================================================================
Received Import Request.
  Time since last request: 0.000034 seconds.
  path: Assets/3D Haven/Free Fantasy Terrain Textures/Textures/1K Resolution/3DH FTT Dirt_002a 1K.png
  artifactKey: Guid(5020511136143724ea1108909fdadc7a) Importer(815301076,1909f56bfc062723c751e8b465ee728b)
Start importing Assets/3D Haven/Free Fantasy Terrain Textures/Textures/1K Resolution/3DH FTT Dirt_002a 1K.png using Guid(5020511136143724ea1108909fdadc7a) Importer(815301076,1909f56bfc062723c751e8b465ee728b)  -> (artifact id: 'a7e938cea4cb2e820ae9146ff975390b') in 0.004815 seconds 
========================================================================
Received Import Request.
  Time since last request: 0.000092 seconds.
  path: Assets/3D Haven/Free Fantasy Terrain Textures/Textures/1K Resolution/3DH FTT ForestGround_001 1K.png
  artifactKey: Guid(00ced6628f099374ebf7475a8b513648) Importer(815301076,1909f56bfc062723c751e8b465ee728b)
Start importing Assets/3D Haven/Free Fantasy Terrain Textures/Textures/1K Resolution/3DH FTT ForestGround_001 1K.png using Guid(00ced6628f099374ebf7475a8b513648) Importer(815301076,1909f56bfc062723c751e8b465ee728b)  -> (artifact id: '2160dd0fe0bf1dab9f5a4ce040b696d6') in 0.004480 seconds 
========================================================================
Received Import Request.
  Time since last request: 0.000030 seconds.
  path: Assets/3D Haven/Free Fantasy Terrain Textures/Textures/1K Resolution/3DH FTT Grass_002 Grass_001b 1K.png
  artifactKey: Guid(556ed1640f07dc64a9fab8feb93f49d0) Importer(815301076,1909f56bfc062723c751e8b465ee728b)
Start importing Assets/3D Haven/Free Fantasy Terrain Textures/Textures/1K Resolution/3DH FTT Grass_002 Grass_001b 1K.png using Guid(556ed1640f07dc64a9fab8feb93f49d0) Importer(815301076,1909f56bfc062723c751e8b465ee728b)  -> (artifact id: 'e106c741ac228cf4cfa4ca28b62c44d0') in 0.005193 seconds 
========================================================================
Received Import Request.
  Time since last request: 0.000042 seconds.
  path: Assets/3D Haven/Free Fantasy Terrain Textures/Textures/1K Resolution/3DH FTT Sand_001 1K.png
  artifactKey: Guid(937e2b9ff53f9894b87e3d6d1954ccd7) Importer(815301076,1909f56bfc062723c751e8b465ee728b)
Start importing Assets/3D Haven/Free Fantasy Terrain Textures/Textures/1K Resolution/3DH FTT Sand_001 1K.png using Guid(937e2b9ff53f9894b87e3d6d1954ccd7) Importer(815301076,1909f56bfc062723c751e8b465ee728b)  -> (artifact id: '54ed2ca1ef073c9be420bd71ad5d98eb') in 0.004277 seconds 
========================================================================
Received Import Request.
  Time since last request: 8.870724 seconds.
  path: Assets/3D Haven/Free Fantasy Terrain Textures/Demo/Terrains/Terrain Layers/3DH FTT Cliff_001 4K.terrainlayer
  artifactKey: Guid(af62f0aef08bceb4298446c1387ac4aa) Importer(815301076,1909f56bfc062723c751e8b465ee728b)
Start importing Assets/3D Haven/Free Fantasy Terrain Textures/Demo/Terrains/Terrain Layers/3DH FTT Cliff_001 4K.terrainlayer using Guid(af62f0aef08bceb4298446c1387ac4aa) Importer(815301076,1909f56bfc062723c751e8b465ee728b)  -> (artifact id: 'f1c4fed3c29816c15f631be017f4af6a') in 0.047452 seconds 
========================================================================
Received Import Request.
  Time since last request: 0.000053 seconds.
  path: Assets/3D Haven/Free Fantasy Terrain Textures/Demo/Terrains/Terrain Layers/3DH FTT Grass_002 Dirt_001 2K.terrainlayer
  artifactKey: Guid(f3dc6b6ed38358e47b5774d243264535) Importer(815301076,1909f56bfc062723c751e8b465ee728b)
Start importing Assets/3D Haven/Free Fantasy Terrain Textures/Demo/Terrains/Terrain Layers/3DH FTT Grass_002 Dirt_001 2K.terrainlayer using Guid(f3dc6b6ed38358e47b5774d243264535) Importer(815301076,1909f56bfc062723c751e8b465ee728b)  -> (artifact id: 'ad0efdb282604f7107627d8bc57f0339') in 0.005386 seconds 
========================================================================
Received Import Request.
  Time since last request: 0.000057 seconds.
  path: Assets/3D Haven/Free Fantasy Terrain Textures/Demo/Terrains/Terrain Layers/3DH FTT Grass_002 Grass_001a 2K.terrainlayer
  artifactKey: Guid(07c9ca18486f898439edaefaba690060) Importer(815301076,1909f56bfc062723c751e8b465ee728b)
Start importing Assets/3D Haven/Free Fantasy Terrain Textures/Demo/Terrains/Terrain Layers/3DH FTT Grass_002 Grass_001a 2K.terrainlayer using Guid(07c9ca18486f898439edaefaba690060) Importer(815301076,1909f56bfc062723c751e8b465ee728b)  -> (artifact id: '754d16bb8b6651240b45ce32419a268b') in 0.004813 seconds 
========================================================================
Received Import Request.
  Time since last request: 0.000056 seconds.
  path: Assets/3D Haven/Free Fantasy Terrain Textures/Demo/Terrains/Terrain Layers/3DH FTT ForestGround_001 2K.terrainlayer
  artifactKey: Guid(87aeb296afb606d46a244159ee39df6e) Importer(815301076,1909f56bfc062723c751e8b465ee728b)
Start importing Assets/3D Haven/Free Fantasy Terrain Textures/Demo/Terrains/Terrain Layers/3DH FTT ForestGround_001 2K.terrainlayer using Guid(87aeb296afb606d46a244159ee39df6e) Importer(815301076,1909f56bfc062723c751e8b465ee728b)  -> (artifact id: '72a402d0247e0d9626504e0daba691a9') in 0.005017 seconds 
========================================================================
Received Import Request.
  Time since last request: 2.144003 seconds.
  path: Assets/3D Haven/Free Fantasy Terrain Textures/Demo/Terrains/Terrain Layers/3DH FTT Grass_002 Grass_001b 2K.terrainlayer
  artifactKey: Guid(26c231cf419fe2549b447a6b9e3cdcdd) Importer(815301076,1909f56bfc062723c751e8b465ee728b)
Start importing Assets/3D Haven/Free Fantasy Terrain Textures/Demo/Terrains/Terrain Layers/3DH FTT Grass_002 Grass_001b 2K.terrainlayer using Guid(26c231cf419fe2549b447a6b9e3cdcdd) Importer(815301076,1909f56bfc062723c751e8b465ee728b)  -> (artifact id: '46e7fbd43daa1566dc4b1fa88543047e') in 0.012366 seconds 
========================================================================
Received Import Request.
  Time since last request: 0.013322 seconds.
  path: Assets/3D Haven/Free Fantasy Terrain Textures/Demo/Terrains/Terrain Layers/3DH FTT Path_001 2K.terrainlayer
  artifactKey: Guid(ad1cbe4bd92c072488c9e7386331050c) Importer(815301076,1909f56bfc062723c751e8b465ee728b)
Start importing Assets/3D Haven/Free Fantasy Terrain Textures/Demo/Terrains/Terrain Layers/3DH FTT Path_001 2K.terrainlayer using Guid(ad1cbe4bd92c072488c9e7386331050c) Importer(815301076,1909f56bfc062723c751e8b465ee728b)  -> (artifact id: '809561f592b1b7b976f5d9f14b538a23') in 0.006117 seconds 
========================================================================
Received Import Request.
  Time since last request: 4.887995 seconds.
  path: Assets/3D Haven/Free Fantasy Terrain Textures/Textures/4K Resolution/3DH FTT Cliff_001 4K.png
  artifactKey: Guid(275844e622956564082767955338a997) Importer(815301076,1909f56bfc062723c751e8b465ee728b)
Start importing Assets/3D Haven/Free Fantasy Terrain Textures/Textures/4K Resolution/3DH FTT Cliff_001 4K.png using Guid(275844e622956564082767955338a997) Importer(815301076,1909f56bfc062723c751e8b465ee728b)  -> (artifact id: 'a0695ffc1fd89897095213ee6b3c2b50') in 0.009098 seconds 
========================================================================
Received Import Request.
  Time since last request: 2.560716 seconds.
  path: Assets/3D Haven/Free Fantasy Terrain Textures/Textures/2K Resolution/3DH FTT Dirt_001 2K.png
  artifactKey: Guid(f7e09274236a49c4ba205de0738a1886) Importer(815301076,1909f56bfc062723c751e8b465ee728b)
Start importing Assets/3D Haven/Free Fantasy Terrain Textures/Textures/2K Resolution/3DH FTT Dirt_001 2K.png using Guid(f7e09274236a49c4ba205de0738a1886) Importer(815301076,1909f56bfc062723c751e8b465ee728b)  -> (artifact id: '0c164549f9ba448c57116055e54a0610') in 0.006506 seconds 
========================================================================
Received Import Request.
  Time since last request: 69.640142 seconds.
  path: Assets/3D Haven/Free Fantasy Terrain Textures/Textures/2K Resolution/3DH FTT Dirt_001_Mossy 2K.png
  artifactKey: Guid(dd33316c57fc4bc448dfc298b113a4f0) Importer(815301076,1909f56bfc062723c751e8b465ee728b)
Start importing Assets/3D Haven/Free Fantasy Terrain Textures/Textures/2K Resolution/3DH FTT Dirt_001_Mossy 2K.png using Guid(dd33316c57fc4bc448dfc298b113a4f0) Importer(815301076,1909f56bfc062723c751e8b465ee728b)  -> (artifact id: 'dcf51716ae8eaeb365f7f901171ef8ab') in 0.006842 seconds 
========================================================================
Received Import Request.
  Time since last request: 74.157204 seconds.
  path: Assets/3D Haven/Free Fantasy Terrain Textures/Textures/2K Resolution/3DH FTT Cliff_001 2K.png
  artifactKey: Guid(93c63f62e88a872409921df7acdb5a2c) Importer(815301076,1909f56bfc062723c751e8b465ee728b)
Start importing Assets/3D Haven/Free Fantasy Terrain Textures/Textures/2K Resolution/3DH FTT Cliff_001 2K.png using Guid(93c63f62e88a872409921df7acdb5a2c) Importer(815301076,1909f56bfc062723c751e8b465ee728b)  -> (artifact id: 'dc00d11a87004395efcedae18bc0bcc7') in 0.006031 seconds 
========================================================================
Received Import Request.
  Time since last request: 0.000056 seconds.
  path: Assets/3D Haven/Free Fantasy Terrain Textures/Textures/512 Resolution/3DH FTT Dirt_001 512.png
  artifactKey: Guid(f7cf7400f7f25c14d8d788dcbc241735) Importer(815301076,1909f56bfc062723c751e8b465ee728b)
Start importing Assets/3D Haven/Free Fantasy Terrain Textures/Textures/512 Resolution/3DH FTT Dirt_001 512.png using Guid(f7cf7400f7f25c14d8d788dcbc241735) Importer(815301076,1909f56bfc062723c751e8b465ee728b)  -> (artifact id: 'cb568449ee492f847290ec39ad7dfe36') in 0.004701 seconds 
========================================================================
Received Import Request.
  Time since last request: 4.785209 seconds.
  path: Assets/3D Haven/Free Fantasy Terrain Textures/Textures/4K Resolution/3DH FTT Dirt_001_Mossy 4K.png
  artifactKey: Guid(139f4693cf99c9740b033bf235af8755) Importer(815301076,1909f56bfc062723c751e8b465ee728b)
Start importing Assets/3D Haven/Free Fantasy Terrain Textures/Textures/4K Resolution/3DH FTT Dirt_001_Mossy 4K.png using Guid(139f4693cf99c9740b033bf235af8755) Importer(815301076,1909f56bfc062723c751e8b465ee728b)  -> (artifact id: 'ae661866e561519bc95edcd3f87455c3') in 0.010987 seconds 
========================================================================
Received Import Request.
  Time since last request: 0.052499 seconds.
  path: Assets/3D Haven/Free Fantasy Terrain Textures/Textures/2K Resolution/3DH FTT Dirt_002a 2K.png
  artifactKey: Guid(0007e64d18d7db14c8e3543c4861e608) Importer(815301076,1909f56bfc062723c751e8b465ee728b)
Start importing Assets/3D Haven/Free Fantasy Terrain Textures/Textures/2K Resolution/3DH FTT Dirt_002a 2K.png using Guid(0007e64d18d7db14c8e3543c4861e608) Importer(815301076,1909f56bfc062723c751e8b465ee728b)  -> (artifact id: '025106db68049980d2728770d017dbcb') in 0.006240 seconds 
========================================================================
Received Import Request.
  Time since last request: 0.000114 seconds.
  path: Assets/3D Haven/Free Fantasy Terrain Textures/Textures/512 Resolution/3DH FTT Dirt_002a 512.png
  artifactKey: Guid(cb6e70e5c1b90c341a0ce2d82c13cde1) Importer(815301076,1909f56bfc062723c751e8b465ee728b)
Start importing Assets/3D Haven/Free Fantasy Terrain Textures/Textures/512 Resolution/3DH FTT Dirt_002a 512.png using Guid(cb6e70e5c1b90c341a0ce2d82c13cde1) Importer(815301076,1909f56bfc062723c751e8b465ee728b)  -> (artifact id: 'db7fc54678a3050b9e104c03beea7bed') in 0.004247 seconds 
========================================================================
Received Import Request.
  Time since last request: 0.048010 seconds.
  path: Assets/3D Haven/Free Fantasy Terrain Textures/Textures/2K Resolution/3DH FTT ForestGround_001 2K.png
  artifactKey: Guid(c001fc0c195f3974fb817b2f995d54c9) Importer(815301076,1909f56bfc062723c751e8b465ee728b)
Start importing Assets/3D Haven/Free Fantasy Terrain Textures/Textures/2K Resolution/3DH FTT ForestGround_001 2K.png using Guid(c001fc0c195f3974fb817b2f995d54c9) Importer(815301076,1909f56bfc062723c751e8b465ee728b)  -> (artifact id: '7a45dbde434e3103ff29e4152b23ede1') in 0.005790 seconds 
========================================================================
Received Import Request.
  Time since last request: 0.000048 seconds.
  path: Assets/3D Haven/Free Fantasy Terrain Textures/Textures/512 Resolution/3DH FTT ForestGround_001 512.png
  artifactKey: Guid(528c5f3232cf1264e81ef200d8b1b1c3) Importer(815301076,1909f56bfc062723c751e8b465ee728b)
Start importing Assets/3D Haven/Free Fantasy Terrain Textures/Textures/512 Resolution/3DH FTT ForestGround_001 512.png using Guid(528c5f3232cf1264e81ef200d8b1b1c3) Importer(815301076,1909f56bfc062723c751e8b465ee728b)  -> (artifact id: 'c77754b4e0b8be577624ebb5c33af54f') in 0.004140 seconds 
========================================================================
Received Import Request.
  Time since last request: 0.109030 seconds.
  path: Assets/3D Haven/Free Fantasy Terrain Textures/Textures/2K Resolution/3DH FTT ForestGround_001 Grass_002 2K.png
  artifactKey: Guid(55a38b21135b1944eb3cd4020b8a3b44) Importer(815301076,1909f56bfc062723c751e8b465ee728b)
Start importing Assets/3D Haven/Free Fantasy Terrain Textures/Textures/2K Resolution/3DH FTT ForestGround_001 Grass_002 2K.png using Guid(55a38b21135b1944eb3cd4020b8a3b44) Importer(815301076,1909f56bfc062723c751e8b465ee728b)  -> (artifact id: 'ca59d56a806abf3e17f0baf73581291c') in 0.006210 seconds 
========================================================================
Received Import Request.
  Time since last request: 0.000051 seconds.
  path: Assets/3D Haven/Free Fantasy Terrain Textures/Textures/512 Resolution/3DH FTT ForestGround_001 Grass_002 512.png
  artifactKey: Guid(02a2ec7fba35adb4da2e37bc47fcb836) Importer(815301076,1909f56bfc062723c751e8b465ee728b)
Start importing Assets/3D Haven/Free Fantasy Terrain Textures/Textures/512 Resolution/3DH FTT ForestGround_001 Grass_002 512.png using Guid(02a2ec7fba35adb4da2e37bc47fcb836) Importer(815301076,1909f56bfc062723c751e8b465ee728b)  -> (artifact id: '8c2003c0fda86b73c8723a3f57eacb5d') in 0.004199 seconds 
========================================================================
Received Import Request.
  Time since last request: 0.289552 seconds.
  path: Assets/3D Haven/Free Fantasy Terrain Textures/Textures/2K Resolution/3DH FTT Grass_002 Dirt_001 2K.png
  artifactKey: Guid(179e0c2aaf5171543a52e98d8e15360f) Importer(815301076,1909f56bfc062723c751e8b465ee728b)
Start importing Assets/3D Haven/Free Fantasy Terrain Textures/Textures/2K Resolution/3DH FTT Grass_002 Dirt_001 2K.png using Guid(179e0c2aaf5171543a52e98d8e15360f) Importer(815301076,1909f56bfc062723c751e8b465ee728b)  -> (artifact id: '7c01d93b3d2e65971106f772fa603a5d') in 0.006271 seconds 
========================================================================
Received Import Request.
  Time since last request: 0.000054 seconds.
  path: Assets/3D Haven/Free Fantasy Terrain Textures/Textures/512 Resolution/3DH FTT Grass_002 Dirt_001 512.png
  artifactKey: Guid(b51199bf4e33f7046bb9ffa5225c5b5a) Importer(815301076,1909f56bfc062723c751e8b465ee728b)
Start importing Assets/3D Haven/Free Fantasy Terrain Textures/Textures/512 Resolution/3DH FTT Grass_002 Dirt_001 512.png using Guid(b51199bf4e33f7046bb9ffa5225c5b5a) Importer(815301076,1909f56bfc062723c751e8b465ee728b)  -> (artifact id: '37113c9faf9bcb8777735ec504a314cd') in 0.004201 seconds 
========================================================================
Received Import Request.
  Time since last request: 0.119308 seconds.
  path: Assets/3D Haven/Free Fantasy Terrain Textures/Textures/2K Resolution/3DH FTT Grass_002 Grass_001a 2K.png
  artifactKey: Guid(59e11b4d76877334080d7b2dfec3f51b) Importer(815301076,1909f56bfc062723c751e8b465ee728b)
Start importing Assets/3D Haven/Free Fantasy Terrain Textures/Textures/2K Resolution/3DH FTT Grass_002 Grass_001a 2K.png using Guid(59e11b4d76877334080d7b2dfec3f51b) Importer(815301076,1909f56bfc062723c751e8b465ee728b)  -> (artifact id: '48ced41fa1479f64dd0fa482954f1bec') in 0.005691 seconds 
========================================================================
Received Import Request.
  Time since last request: 0.000047 seconds.
  path: Assets/3D Haven/Free Fantasy Terrain Textures/Textures/512 Resolution/3DH FTT Grass_002 Grass_001a 512.png
  artifactKey: Guid(d9470477fefdd8242ab17cb54b821558) Importer(815301076,1909f56bfc062723c751e8b465ee728b)
Start importing Assets/3D Haven/Free Fantasy Terrain Textures/Textures/512 Resolution/3DH FTT Grass_002 Grass_001a 512.png using Guid(d9470477fefdd8242ab17cb54b821558) Importer(815301076,1909f56bfc062723c751e8b465ee728b)  -> (artifact id: '252d511bc318a383ad6fd19f9dea4fb1') in 0.003558 seconds 
========================================================================
Received Import Request.
  Time since last request: 1.606867 seconds.
  path: Assets/3D Haven/Free Fantasy Terrain Textures/Textures/2K Resolution/3DH FTT Grass_002 Grass_001b 2K.png
  artifactKey: Guid(6b8935af058f8974c8ce153894c01472) Importer(815301076,1909f56bfc062723c751e8b465ee728b)
Start importing Assets/3D Haven/Free Fantasy Terrain Textures/Textures/2K Resolution/3DH FTT Grass_002 Grass_001b 2K.png using Guid(6b8935af058f8974c8ce153894c01472) Importer(815301076,1909f56bfc062723c751e8b465ee728b)  -> (artifact id: 'dbd6f2266707ccc061ec91c7955e48a0') in 0.007313 seconds 
========================================================================
Received Import Request.
  Time since last request: 0.000053 seconds.
  path: Assets/3D Haven/Free Fantasy Terrain Textures/Textures/4K Resolution/3DH FTT Grass_002 Rocks_001 4K.png
  artifactKey: Guid(700a1880d05690c4281ef747216a1595) Importer(815301076,1909f56bfc062723c751e8b465ee728b)
Start importing Assets/3D Haven/Free Fantasy Terrain Textures/Textures/4K Resolution/3DH FTT Grass_002 Rocks_001 4K.png using Guid(700a1880d05690c4281ef747216a1595) Importer(815301076,1909f56bfc062723c751e8b465ee728b)  -> (artifact id: '3dd9711e1c8ea4bfe55f7064d01f511c') in 0.008697 seconds 
========================================================================
Received Import Request.
  Time since last request: 0.000044 seconds.
  path: Assets/3D Haven/Free Fantasy Terrain Textures/Textures/2K Resolution/3DH FTT Grass_002 Rocks_001 2K.png
  artifactKey: Guid(8db2f4c31f3614741afc75520919d060) Importer(815301076,1909f56bfc062723c751e8b465ee728b)
Start importing Assets/3D Haven/Free Fantasy Terrain Textures/Textures/2K Resolution/3DH FTT Grass_002 Rocks_001 2K.png using Guid(8db2f4c31f3614741afc75520919d060) Importer(815301076,1909f56bfc062723c751e8b465ee728b)  -> (artifact id: 'cbe2fdba3bb4c0ae4f3a5854355f01b0') in 0.005260 seconds 
========================================================================
Received Import Request.
  Time since last request: 0.054216 seconds.
  path: Assets/3D Haven/Free Fantasy Terrain Textures/Textures/2K Resolution/3DH FTT Path_001 2K.png
  artifactKey: Guid(48bc4a92dccd51241a882a9f682bfb76) Importer(815301076,1909f56bfc062723c751e8b465ee728b)
Start importing Assets/3D Haven/Free Fantasy Terrain Textures/Textures/2K Resolution/3DH FTT Path_001 2K.png using Guid(48bc4a92dccd51241a882a9f682bfb76) Importer(815301076,1909f56bfc062723c751e8b465ee728b)  -> (artifact id: 'f4fe2e149d938177de1de66474cd005d') in 0.005394 seconds 
========================================================================
Received Import Request.
  Time since last request: 0.000051 seconds.
  path: Assets/3D Haven/Free Fantasy Terrain Textures/Textures/512 Resolution/3DH FTT Path_001 512.png
  artifactKey: Guid(ff56fd7450d500c44889ab75e4bce2d8) Importer(815301076,1909f56bfc062723c751e8b465ee728b)
Start importing Assets/3D Haven/Free Fantasy Terrain Textures/Textures/512 Resolution/3DH FTT Path_001 512.png using Guid(ff56fd7450d500c44889ab75e4bce2d8) Importer(815301076,1909f56bfc062723c751e8b465ee728b)  -> (artifact id: '7a5c96e7887372c7945480f2a2ceecf0') in 0.004040 seconds 
========================================================================
Received Import Request.
  Time since last request: 0.000051 seconds.
  path: Assets/3D Haven/Free Fantasy Terrain Textures/Textures/4K Resolution/3DH FTT Path_001 Abandoned_002 4K.png
  artifactKey: Guid(dea22ef87b88bef46884594de3caa86f) Importer(815301076,1909f56bfc062723c751e8b465ee728b)
Start importing Assets/3D Haven/Free Fantasy Terrain Textures/Textures/4K Resolution/3DH FTT Path_001 Abandoned_002 4K.png using Guid(dea22ef87b88bef46884594de3caa86f) Importer(815301076,1909f56bfc062723c751e8b465ee728b)  -> (artifact id: 'e0e4966de2afb9e6ccfe32f4fd7ebf42') in 0.008027 seconds 
========================================================================
Received Import Request.
  Time since last request: 1.313358 seconds.
  path: Assets/3D Haven/Free Fantasy Terrain Textures/Textures/2K Resolution/3DH FTT Path_001 Abandoned_004 2K.png
  artifactKey: Guid(29bb65d122b2c794bb3cdcc3c9da019e) Importer(815301076,1909f56bfc062723c751e8b465ee728b)
Start importing Assets/3D Haven/Free Fantasy Terrain Textures/Textures/2K Resolution/3DH FTT Path_001 Abandoned_004 2K.png using Guid(29bb65d122b2c794bb3cdcc3c9da019e) Importer(815301076,1909f56bfc062723c751e8b465ee728b)  -> (artifact id: '3802c13229d9cae8ad47d41fd98dab4a') in 0.010599 seconds 
========================================================================
Received Import Request.
  Time since last request: 0.000050 seconds.
  path: Assets/3D Haven/Free Fantasy Terrain Textures/Textures/4K Resolution/3DH FTT Path_001 ForestGround_001 4K.png
  artifactKey: Guid(efb783bc65054ca418428b0b850bba4a) Importer(815301076,1909f56bfc062723c751e8b465ee728b)
Start importing Assets/3D Haven/Free Fantasy Terrain Textures/Textures/4K Resolution/3DH FTT Path_001 ForestGround_001 4K.png using Guid(efb783bc65054ca418428b0b850bba4a) Importer(815301076,1909f56bfc062723c751e8b465ee728b)  -> (artifact id: 'dd7b64d86aede92971afee7360d90f18') in 0.009467 seconds 
========================================================================
Received Import Request.
  Time since last request: 0.000052 seconds.
  path: Assets/3D Haven/Free Fantasy Terrain Textures/Textures/4K Resolution/3DH FTT Rocks_001 4K.png
  artifactKey: Guid(85937c66045c1b440adcc47be41c48b4) Importer(815301076,1909f56bfc062723c751e8b465ee728b)
Start importing Assets/3D Haven/Free Fantasy Terrain Textures/Textures/4K Resolution/3DH FTT Rocks_001 4K.png using Guid(85937c66045c1b440adcc47be41c48b4) Importer(815301076,1909f56bfc062723c751e8b465ee728b)  -> (artifact id: '23b3b69b4be9f35005ce0ff9849b38e8') in 0.009151 seconds 
========================================================================
Received Import Request.
  Time since last request: 0.000052 seconds.
  path: Assets/3D Haven/Free Fantasy Terrain Textures/Textures/4K Resolution/3DH FTT Path_001 Sand_001 4K.png
  artifactKey: Guid(b1962410be199aa42a6d9b3e59353d1c) Importer(815301076,1909f56bfc062723c751e8b465ee728b)
Start importing Assets/3D Haven/Free Fantasy Terrain Textures/Textures/4K Resolution/3DH FTT Path_001 Sand_001 4K.png using Guid(b1962410be199aa42a6d9b3e59353d1c) Importer(815301076,1909f56bfc062723c751e8b465ee728b)  -> (artifact id: '6b1f75a99c7ffc316ad0d8e2f5e42066') in 0.009109 seconds 
========================================================================
Received Import Request.
  Time since last request: 0.000059 seconds.
  path: Assets/3D Haven/Free Fantasy Terrain Textures/Textures/2K Resolution/3DH FTT Path_001 ForestGround_001 2K.png
  artifactKey: Guid(5fc895f5044dd9f46a5ec9e4725cf3a2) Importer(815301076,1909f56bfc062723c751e8b465ee728b)
Start importing Assets/3D Haven/Free Fantasy Terrain Textures/Textures/2K Resolution/3DH FTT Path_001 ForestGround_001 2K.png using Guid(5fc895f5044dd9f46a5ec9e4725cf3a2) Importer(815301076,1909f56bfc062723c751e8b465ee728b)  -> (artifact id: 'f4b6e174f2c73a504eb665f62cece8b2') in 0.005361 seconds 
========================================================================
Received Import Request.
  Time since last request: 0.000072 seconds.
  path: Assets/3D Haven/Free Fantasy Terrain Textures/Textures/512 Resolution/3DH FTT Sand_001 512.png
  artifactKey: Guid(1b3558d9b96ee5c49a97c609630d03d6) Importer(815301076,1909f56bfc062723c751e8b465ee728b)
Start importing Assets/3D Haven/Free Fantasy Terrain Textures/Textures/512 Resolution/3DH FTT Sand_001 512.png using Guid(1b3558d9b96ee5c49a97c609630d03d6) Importer(815301076,1909f56bfc062723c751e8b465ee728b)  -> (artifact id: '2631dd8c74c9b6d2eef09ee995d7fe4e') in 0.003838 seconds 
========================================================================
Received Import Request.
  Time since last request: 0.000043 seconds.
  path: Packages/com.unity.textmeshpro/Editor Resources/Textures/btn_AlignLeft.psd
  artifactKey: Guid(9288066c33474b94b6ee5465f4df1cc0) Importer(815301076,1909f56bfc062723c751e8b465ee728b)
Start importing Packages/com.unity.textmeshpro/Editor Resources/Textures/btn_AlignLeft.psd using Guid(9288066c33474b94b6ee5465f4df1cc0) Importer(815301076,1909f56bfc062723c751e8b465ee728b)  -> (artifact id: '5baf3df44971ee5afeacf7ed816872d4') in 0.351778 seconds 
========================================================================
Received Import Request.
  Time since last request: 0.000069 seconds.
  path: Packages/com.unity.collab-proxy/Editor/PlasticSCM/Assets/Images/d_cloudbuhoshe.png
  artifactKey: Guid(dae33700bd23f76409a80bf78fdb8a42) Importer(815301076,1909f56bfc062723c751e8b465ee728b)
Start importing Packages/com.unity.collab-proxy/Editor/PlasticSCM/Assets/Images/d_cloudbuhoshe.png using Guid(dae33700bd23f76409a80bf78fdb8a42) Importer(815301076,1909f56bfc062723c751e8b465ee728b)  -> (artifact id: 'e71609f091f148495d6a61987f0194d3') in 0.017048 seconds 
========================================================================
Received Import Request.
  Time since last request: 0.000028 seconds.
  path: Packages/com.unity.collab-proxy/Editor/PlasticSCM/Assets/Images/d_colorbuhoshe.png
  artifactKey: Guid(a04ecc9d5e12d5d449077414eb86635e) Importer(815301076,1909f56bfc062723c751e8b465ee728b)
Start importing Packages/com.unity.collab-proxy/Editor/PlasticSCM/Assets/Images/d_colorbuhoshe.png using Guid(a04ecc9d5e12d5d449077414eb86635e) Importer(815301076,1909f56bfc062723c751e8b465ee728b)  -> (artifact id: '59bf22127f123ebbc8e8850c1cd47439') in 0.008476 seconds 
========================================================================
Received Import Request.
  Time since last request: 0.000036 seconds.
  path: Packages/com.unity.textmeshpro/Editor Resources/Textures/btn_AlignCapLine.psd
  artifactKey: Guid(0d9a36012a224080966c7b55896aa0f9) Importer(815301076,1909f56bfc062723c751e8b465ee728b)
Start importing Packages/com.unity.textmeshpro/Editor Resources/Textures/btn_AlignCapLine.psd using Guid(0d9a36012a224080966c7b55896aa0f9) Importer(815301076,1909f56bfc062723c751e8b465ee728b)  -> (artifact id: 'b03fa845761212c2e46fac3b4343677a') in 0.003333 seconds 
========================================================================
Received Import Request.
  Time since last request: 0.000036 seconds.
  path: Packages/com.unity.collab-proxy/Editor/PlasticSCM/Assets/Images/d_cloudbuhoshechristmas.png
  artifactKey: Guid(9c0d6ec706e01ce448aea81584af092b) Importer(815301076,1909f56bfc062723c751e8b465ee728b)
Start importing Packages/com.unity.collab-proxy/Editor/PlasticSCM/Assets/Images/d_cloudbuhoshechristmas.png using Guid(9c0d6ec706e01ce448aea81584af092b) Importer(815301076,1909f56bfc062723c751e8b465ee728b)  -> (artifact id: '09dce5da6eaedde770bc97766ae86ebf') in 0.007816 seconds 
========================================================================
Received Import Request.
  Time since last request: 0.000040 seconds.
  path: Packages/com.unity.collab-proxy/Editor/PlasticSCM/Assets/Images/buttonssosigninunity.png
  artifactKey: Guid(f9161c6c9e06dc445ada3ee16d991f90) Importer(815301076,1909f56bfc062723c751e8b465ee728b)
Start importing Packages/com.unity.collab-proxy/Editor/PlasticSCM/Assets/Images/buttonssosigninunity.png using Guid(f9161c6c9e06dc445ada3ee16d991f90) Importer(815301076,1909f56bfc062723c751e8b465ee728b)  -> (artifact id: '411298c6cdb64a064b5c64df289e7a6c') in 0.004773 seconds 
========================================================================
Received Import Request.
  Time since last request: 0.000045 seconds.
  path: Packages/com.unity.collab-proxy/Editor/PlasticSCM/Assets/Images/d_genericbuhoshechristmas2.png
  artifactKey: Guid(7fd3cda14282bb7429b8eeb6c121e5bb) Importer(815301076,1909f56bfc062723c751e8b465ee728b)
Start importing Packages/com.unity.collab-proxy/Editor/PlasticSCM/Assets/Images/d_genericbuhoshechristmas2.png using Guid(7fd3cda14282bb7429b8eeb6c121e5bb) Importer(815301076,1909f56bfc062723c751e8b465ee728b)  -> (artifact id: '31744817dcfa1d6f3a977ef7e5099e54') in 0.009080 seconds 
========================================================================
Received Import Request.
  Time since last request: 0.000042 seconds.
  path: Packages/com.unity.textmeshpro/Editor Resources/Textures/btn_AlignFlush_Light.psd
  artifactKey: Guid(64b9fad609434c489c32b1cdf2004a1c) Importer(815301076,1909f56bfc062723c751e8b465ee728b)
Start importing Packages/com.unity.textmeshpro/Editor Resources/Textures/btn_AlignFlush_Light.psd using Guid(64b9fad609434c489c32b1cdf2004a1c) Importer(815301076,1909f56bfc062723c751e8b465ee728b)  -> (artifact id: '080ca94bd020d165cb99e13f0475fd69') in 0.004250 seconds 
========================================================================
Received Import Request.
  Time since last request: 0.000034 seconds.
  path: Packages/com.unity.textmeshpro/Editor Resources/Textures/btn_AlignFlush.psd
  artifactKey: Guid(691475c57a824010be0c6f474caeb7e1) Importer(815301076,1909f56bfc062723c751e8b465ee728b)
Start importing Packages/com.unity.textmeshpro/Editor Resources/Textures/btn_AlignFlush.psd using Guid(691475c57a824010be0c6f474caeb7e1) Importer(815301076,1909f56bfc062723c751e8b465ee728b)  -> (artifact id: '75fe30df852767926f8b3227b2e5b618') in 0.002448 seconds 
========================================================================
Received Import Request.
  Time since last request: 0.000040 seconds.
  path: Packages/com.unity.testtools.codecoverage/Editor/Icons/CodeCoverage@2x.png
  artifactKey: Guid(37164f8d49df70f448b593fa86e488f5) Importer(815301076,1909f56bfc062723c751e8b465ee728b)
Start importing Packages/com.unity.testtools.codecoverage/Editor/Icons/CodeCoverage@2x.png using Guid(37164f8d49df70f448b593fa86e488f5) Importer(815301076,1909f56bfc062723c751e8b465ee728b)  -> (artifact id: '9c6871c077b201c9547fbddcf7334390') in 0.002619 seconds 
========================================================================
Received Import Request.
  Time since last request: 0.000046 seconds.
  path: Packages/com.unity.testtools.codecoverage/Editor/Icons/d_FolderOpened.png
  artifactKey: Guid(663a080499383ea4e9297061febf5ef7) Importer(815301076,1909f56bfc062723c751e8b465ee728b)
Start importing Packages/com.unity.testtools.codecoverage/Editor/Icons/d_FolderOpened.png using Guid(663a080499383ea4e9297061febf5ef7) Importer(815301076,1909f56bfc062723c751e8b465ee728b)  -> (artifact id: '7398810c76364cbecd742f6626905bdf') in 0.002728 seconds 
========================================================================
Received Import Request.
  Time since last request: 0.000029 seconds.
  path: Packages/com.unity.collab-proxy/Editor/PlasticSCM/Assets/Images/d_cloudbuho.png
  artifactKey: Guid(e5600378dd761e64d9423790c482bf36) Importer(815301076,1909f56bfc062723c751e8b465ee728b)
Start importing Packages/com.unity.collab-proxy/Editor/PlasticSCM/Assets/Images/d_cloudbuho.png using Guid(e5600378dd761e64d9423790c482bf36) Importer(815301076,1909f56bfc062723c751e8b465ee728b)  -> (artifact id: '5ee221e719e9b09a796613c297b0c8c4') in 0.007963 seconds 
========================================================================
Received Import Request.
  Time since last request: 0.000050 seconds.
  path: Packages/com.unity.textmeshpro/Editor Resources/Textures/btn_AlignCenter_Light.psd
  artifactKey: Guid(6ace62d30f494c948b71d5594afce11d) Importer(815301076,1909f56bfc062723c751e8b465ee728b)
Start importing Packages/com.unity.textmeshpro/Editor Resources/Textures/btn_AlignCenter_Light.psd using Guid(6ace62d30f494c948b71d5594afce11d) Importer(815301076,1909f56bfc062723c751e8b465ee728b)  -> (artifact id: 'b015c9d5bdadc3317989916f713e5cc3') in 0.002611 seconds 
========================================================================
Received Import Request.
  Time since last request: 0.000047 seconds.
  path: Packages/com.unity.collab-proxy/Editor/PlasticSCM/Assets/Images/d_genericbuho1.png
  artifactKey: Guid(43ad51e043491b94d8f6c62d55ac5ede) Importer(815301076,1909f56bfc062723c751e8b465ee728b)
Start importing Packages/com.unity.collab-proxy/Editor/PlasticSCM/Assets/Images/d_genericbuho1.png using Guid(43ad51e043491b94d8f6c62d55ac5ede) Importer(815301076,1909f56bfc062723c751e8b465ee728b)  -> (artifact id: 'ca2cf91af281718e0a96d59dfb72196d') in 0.007795 seconds 
========================================================================
Received Import Request.
  Time since last request: 0.000037 seconds.
  path: Packages/com.unity.collab-proxy/Editor/PlasticSCM/Assets/Images/d_genericbuhochristmas3.png
  artifactKey: Guid(6fac4e39926fd9c4ca2ba4416160a857) Importer(815301076,1909f56bfc062723c751e8b465ee728b)
Start importing Packages/com.unity.collab-proxy/Editor/PlasticSCM/Assets/Images/d_genericbuhochristmas3.png using Guid(6fac4e39926fd9c4ca2ba4416160a857) Importer(815301076,1909f56bfc062723c751e8b465ee728b)  -> (artifact id: '8a27cfd7775e3272f8168fe217ce1678') in 0.008071 seconds 
========================================================================
Received Import Request.
  Time since last request: 0.000050 seconds.
  path: Packages/com.unity.collab-proxy/Editor/PlasticSCM/Assets/Images/d_genericbuhoshechristmas1.png
  artifactKey: Guid(d98fbe17966d8ef449b25b99024bf36f) Importer(815301076,1909f56bfc062723c751e8b465ee728b)
Start importing Packages/com.unity.collab-proxy/Editor/PlasticSCM/Assets/Images/d_genericbuhoshechristmas1.png using Guid(d98fbe17966d8ef449b25b99024bf36f) Importer(815301076,1909f56bfc062723c751e8b465ee728b)  -> (artifact id: '3ab8971b910b5db430018d05e765ee25') in 0.008010 seconds 
========================================================================
Received Import Request.
  Time since last request: 0.000046 seconds.
  path: Packages/com.unity.collab-proxy/Editor/PlasticSCM/Assets/Images/d_iconaddedoverlay.png
  artifactKey: Guid(73d124bf77e463c45942d14136745d9f) Importer(815301076,1909f56bfc062723c751e8b465ee728b)
Start importing Packages/com.unity.collab-proxy/Editor/PlasticSCM/Assets/Images/d_iconaddedoverlay.png using Guid(73d124bf77e463c45942d14136745d9f) Importer(815301076,1909f56bfc062723c751e8b465ee728b)  -> (artifact id: '68a90ce2121e3bc5796b6a44d48235c8') in 0.003890 seconds 
========================================================================
Received Import Request.
  Time since last request: 0.000044 seconds.
  path: Packages/com.unity.textmeshpro/Editor Resources/Textures/btn_AlignMiddle_Light.psd
  artifactKey: Guid(066619c9c9c84f89acb1b48c11a7efe2) Importer(815301076,1909f56bfc062723c751e8b465ee728b)
Start importing Packages/com.unity.textmeshpro/Editor Resources/Textures/btn_AlignMiddle_Light.psd using Guid(066619c9c9c84f89acb1b48c11a7efe2) Importer(815301076,1909f56bfc062723c751e8b465ee728b)  -> (artifact id: '2e6194476e9efb50269cfad29a426b5e') in 0.002547 seconds 
========================================================================
Received Import Request.
  Time since last request: 0.000040 seconds.
  path: Assets/3D Haven/Free Fantasy Terrain Textures/Textures/512 Resolution/3DH FTT Path_001 ForestGround_001 512.png
  artifactKey: Guid(637d4935d0bf3034eb6a52de873c60cb) Importer(815301076,1909f56bfc062723c751e8b465ee728b)
Start importing Assets/3D Haven/Free Fantasy Terrain Textures/Textures/512 Resolution/3DH FTT Path_001 ForestGround_001 512.png using Guid(637d4935d0bf3034eb6a52de873c60cb) Importer(815301076,1909f56bfc062723c751e8b465ee728b)  -> (artifact id: '71c2598b1a5cb5231d43a706eeff1864') in 0.004061 seconds 
========================================================================
Received Import Request.
  Time since last request: 0.000045 seconds.
  path: Packages/com.unity.textmeshpro/Editor Resources/Textures/btn_AlignJustified_Light.psd
  artifactKey: Guid(fa6bd40a216346b783a4cce741d277a5) Importer(815301076,1909f56bfc062723c751e8b465ee728b)
Start importing Packages/com.unity.textmeshpro/Editor Resources/Textures/btn_AlignJustified_Light.psd using Guid(fa6bd40a216346b783a4cce741d277a5) Importer(815301076,1909f56bfc062723c751e8b465ee728b)  -> (artifact id: '792430ad32230141f377b9b5d51160e7') in 0.002791 seconds 
========================================================================
Received Import Request.
  Time since last request: 0.000042 seconds.
  path: Packages/com.unity.collab-proxy/Editor/PlasticSCM/Assets/Images/d_buttonssosigninemail.png
  artifactKey: Guid(3086d66a563317b40a20a20da2c64ac0) Importer(815301076,1909f56bfc062723c751e8b465ee728b)
Start importing Packages/com.unity.collab-proxy/Editor/PlasticSCM/Assets/Images/d_buttonssosigninemail.png using Guid(3086d66a563317b40a20a20da2c64ac0) Importer(815301076,1909f56bfc062723c751e8b465ee728b)  -> (artifact id: 'ef7da0d59ce0e45fddb88a01182f9dd8') in 0.003809 seconds 
========================================================================
Received Import Request.
  Time since last request: 0.000040 seconds.
  path: Packages/com.unity.testtools.codecoverage/Editor/Icons/d_FolderOpened@2x.png
  artifactKey: Guid(327ac160fa4588b4ab06124fe53fdbd1) Importer(815301076,1909f56bfc062723c751e8b465ee728b)
Start importing Packages/com.unity.testtools.codecoverage/Editor/Icons/d_FolderOpened@2x.png using Guid(327ac160fa4588b4ab06124fe53fdbd1) Importer(815301076,1909f56bfc062723c751e8b465ee728b)  -> (artifact id: 'd9004556452e33b05fdf557d69320a54') in 0.003178 seconds 
========================================================================
Received Import Request.
  Time since last request: 0.000056 seconds.
  path: Packages/com.unity.collab-proxy/Editor/PlasticSCM/Assets/Images/d_genericbuhoshe3.png
  artifactKey: Guid(9bb60d9b0987c3747b57516cc172d0c7) Importer(815301076,1909f56bfc062723c751e8b465ee728b)
Start importing Packages/com.unity.collab-proxy/Editor/PlasticSCM/Assets/Images/d_genericbuhoshe3.png using Guid(9bb60d9b0987c3747b57516cc172d0c7) Importer(815301076,1909f56bfc062723c751e8b465ee728b)  -> (artifact id: 'd95b0799389473e57fdd1ab9a76ecf43') in 0.008317 seconds 
========================================================================
Received Import Request.
  Time since last request: 0.000046 seconds.
  path: Packages/com.unity.collab-proxy/Editor/PlasticSCM/Assets/Images/d_expertbuhoshechristmas.png
  artifactKey: Guid(372e7b39fc8f34549ac25d8757965a2c) Importer(815301076,1909f56bfc062723c751e8b465ee728b)
Start importing Packages/com.unity.collab-proxy/Editor/PlasticSCM/Assets/Images/d_expertbuhoshechristmas.png using Guid(372e7b39fc8f34549ac25d8757965a2c) Importer(815301076,1909f56bfc062723c751e8b465ee728b)  -> (artifact id: 'd29a632122007d13fd85c866c9ed8f49') in 0.008934 seconds 
========================================================================
Received Import Request.
  Time since last request: 0.000046 seconds.
  path: Packages/com.unity.collab-proxy/Editor/PlasticSCM/Assets/Images/d_expertbuhochristmas.png
  artifactKey: Guid(c887ed2a931c29040bc544cd8c546e9f) Importer(815301076,1909f56bfc062723c751e8b465ee728b)
Start importing Packages/com.unity.collab-proxy/Editor/PlasticSCM/Assets/Images/d_expertbuhochristmas.png using Guid(c887ed2a931c29040bc544cd8c546e9f) Importer(815301076,1909f56bfc062723c751e8b465ee728b)  -> (artifact id: '8f27e0b9ad885e015723034d01113a6b') in 0.008402 seconds 
========================================================================
Received Import Request.
  Time since last request: 0.000039 seconds.
  path: Packages/com.unity.testtools.codecoverage/Editor/Icons/d_CodeCoverage.png
  artifactKey: Guid(48e45b7f100ee4b48a02e05135e6cece) Importer(815301076,1909f56bfc062723c751e8b465ee728b)
Start importing Packages/com.unity.testtools.codecoverage/Editor/Icons/d_CodeCoverage.png using Guid(48e45b7f100ee4b48a02e05135e6cece) Importer(815301076,1909f56bfc062723c751e8b465ee728b)  -> (artifact id: '61de894a62b51120d3b1444f13f41d44') in 0.003141 seconds 
========================================================================
Received Import Request.
  Time since last request: 0.000040 seconds.
  path: Packages/com.unity.textmeshpro/Editor Resources/Textures/btn_AlignCenterGeo.psd
  artifactKey: Guid(c76700ea0062413d9f69409b4e9e151b) Importer(815301076,1909f56bfc062723c751e8b465ee728b)
Start importing Packages/com.unity.textmeshpro/Editor Resources/Textures/btn_AlignCenterGeo.psd using Guid(c76700ea0062413d9f69409b4e9e151b) Importer(815301076,1909f56bfc062723c751e8b465ee728b)  -> (artifact id: 'd17bb311e1048bbab1128cbcad5ba461') in 0.004186 seconds 
========================================================================
Received Import Request.
  Time since last request: 0.000039 seconds.
  path: Packages/com.unity.textmeshpro/Editor Resources/Textures/btn_AlignBottom.psd
  artifactKey: Guid(ca51b19024094d1b87f3e07edb0a75fb) Importer(815301076,1909f56bfc062723c751e8b465ee728b)
Start importing Packages/com.unity.textmeshpro/Editor Resources/Textures/btn_AlignBottom.psd using Guid(ca51b19024094d1b87f3e07edb0a75fb) Importer(815301076,1909f56bfc062723c751e8b465ee728b)  -> (artifact id: '688a0ac957d3505814a3661651efcf76') in 0.002565 seconds 
========================================================================
Received Import Request.
  Time since last request: 0.000063 seconds.
  path: Packages/com.unity.textmeshpro/Editor Resources/Textures/btn_AlignMidLine.psd
  artifactKey: Guid(c2f7f6a88b4c4f20a53deb72f3d9144c) Importer(815301076,1909f56bfc062723c751e8b465ee728b)
Start importing Packages/com.unity.textmeshpro/Editor Resources/Textures/btn_AlignMidLine.psd using Guid(c2f7f6a88b4c4f20a53deb72f3d9144c) Importer(815301076,1909f56bfc062723c751e8b465ee728b)  -> (artifact id: '4e609720ea0587dc2307dc23bb2ed8c1') in 0.002922 seconds 
========================================================================
Received Import Request.
  Time since last request: 0.000045 seconds.
  path: Packages/com.unity.textmeshpro/Editor Resources/Textures/btn_AlignLeft_Light.psd
  artifactKey: Guid(12736c98af174f91827a26b66d2b01b9) Importer(815301076,1909f56bfc062723c751e8b465ee728b)
Start importing Packages/com.unity.textmeshpro/Editor Resources/Textures/btn_AlignLeft_Light.psd using Guid(12736c98af174f91827a26b66d2b01b9) Importer(815301076,1909f56bfc062723c751e8b465ee728b)  -> (artifact id: '381d7f72ec107bd8d5e9ba710f9d18cb') in 0.003325 seconds 
========================================================================
Received Import Request.
  Time since last request: 0.000033 seconds.
  path: Packages/com.unity.textmeshpro/Editor Resources/Textures/btn_AlignCenterGeo_Light.psd
  artifactKey: Guid(35ff0937876540d3bd4b6a941df62a92) Importer(815301076,1909f56bfc062723c751e8b465ee728b)
Start importing Packages/com.unity.textmeshpro/Editor Resources/Textures/btn_AlignCenterGeo_Light.psd using Guid(35ff0937876540d3bd4b6a941df62a92) Importer(815301076,1909f56bfc062723c751e8b465ee728b)  -> (artifact id: '6c314c1eab5db39322d40cbb3d09b00c') in 0.002530 seconds 
========================================================================
Received Import Request.
  Time since last request: 0.000050 seconds.
  path: Assets/3D Haven/Free Fantasy Terrain Textures/Textures/512 Resolution/3DH FTT Rocks_001_Mossy 512.png
  artifactKey: Guid(de43761ab1ee3844db1d820dd91ea7d8) Importer(815301076,1909f56bfc062723c751e8b465ee728b)
Start importing Assets/3D Haven/Free Fantasy Terrain Textures/Textures/512 Resolution/3DH FTT Rocks_001_Mossy 512.png using Guid(de43761ab1ee3844db1d820dd91ea7d8) Importer(815301076,1909f56bfc062723c751e8b465ee728b)  -> (artifact id: '2465aff75a0ef2a4c0b73fc516d35059') in 0.004430 seconds 
========================================================================
Received Import Request.
  Time since last request: 0.000048 seconds.
  path: Packages/com.unity.textmeshpro/Editor Resources/Textures/btn_AlignTop.psd
  artifactKey: Guid(48d034c499ee4697af9dd6e327110249) Importer(815301076,1909f56bfc062723c751e8b465ee728b)
Start importing Packages/com.unity.textmeshpro/Editor Resources/Textures/btn_AlignTop.psd using Guid(48d034c499ee4697af9dd6e327110249) Importer(815301076,1909f56bfc062723c751e8b465ee728b)  -> (artifact id: '69ac413dd7cf2da7ea3f4cc05686200f') in 0.002927 seconds 
========================================================================
Received Import Request.
  Time since last request: 0.000045 seconds.
  path: Packages/com.unity.testtools.codecoverage/Editor/Icons/CodeCoverage.png
  artifactKey: Guid(5e4d1277a09266944b3431a0a44d0862) Importer(815301076,1909f56bfc062723c751e8b465ee728b)
Start importing Packages/com.unity.testtools.codecoverage/Editor/Icons/CodeCoverage.png using Guid(5e4d1277a09266944b3431a0a44d0862) Importer(815301076,1909f56bfc062723c751e8b465ee728b)  -> (artifact id: '30c2e005dfb258548173370375d60645') in 0.003106 seconds 
========================================================================
Received Import Request.
  Time since last request: 0.000054 seconds.
  path: Packages/com.unity.collab-proxy/Editor/PlasticSCM/Assets/Images/buttonssosigningoogle.png
  artifactKey: Guid(f09eae8c0ea04254b90c5386a034a225) Importer(815301076,1909f56bfc062723c751e8b465ee728b)
Start importing Packages/com.unity.collab-proxy/Editor/PlasticSCM/Assets/Images/buttonssosigningoogle.png using Guid(f09eae8c0ea04254b90c5386a034a225) Importer(815301076,1909f56bfc062723c751e8b465ee728b)  -> (artifact id: 'a329c6e1ef9f5bc339d15662a143d0f8') in 0.003937 seconds 
========================================================================
Received Import Request.
  Time since last request: 0.000059 seconds.
  path: Assets/3D Haven/Free Fantasy Terrain Textures/Textures/512 Resolution/3DH FTT Path_001 Sand_001 512.png
  artifactKey: Guid(b65b9fa900443db40840aec88c7873fa) Importer(815301076,1909f56bfc062723c751e8b465ee728b)
Start importing Assets/3D Haven/Free Fantasy Terrain Textures/Textures/512 Resolution/3DH FTT Path_001 Sand_001 512.png using Guid(b65b9fa900443db40840aec88c7873fa) Importer(815301076,1909f56bfc062723c751e8b465ee728b)  -> (artifact id: 'cc1d5405f808e439595903c3be5d2811') in 0.003535 seconds 
========================================================================
Received Import Request.
  Time since last request: 84.969006 seconds.
  path: Assets/NewLayer.terrainlayer
  artifactKey: Guid(818fb6472833f47c4afc9e1129a72312) Importer(815301076,1909f56bfc062723c751e8b465ee728b)
Start importing Assets/NewLayer.terrainlayer using Guid(818fb6472833f47c4afc9e1129a72312) Importer(815301076,1909f56bfc062723c751e8b465ee728b)  -> (artifact id: '88eb72235d6436b3ad8a9c2995f80f15') in 0.010810 seconds 
========================================================================
Received Import Request.
  Time since last request: 225.256048 seconds.
  path: Assets/3D Haven/Free Fantasy Terrain Textures/Demo/Terrains/Terrain Layers/3DH FTT Path_001 Abandoned_004 2K.terrainlayer
  artifactKey: Guid(8cf7d7763ae0a5a45beec7ce335f4e1e) Importer(815301076,1909f56bfc062723c751e8b465ee728b)
Start importing Assets/3D Haven/Free Fantasy Terrain Textures/Demo/Terrains/Terrain Layers/3DH FTT Path_001 Abandoned_004 2K.terrainlayer using Guid(8cf7d7763ae0a5a45beec7ce335f4e1e) Importer(815301076,1909f56bfc062723c751e8b465ee728b)  -> (artifact id: 'a426b1cd8b38fe259593033aebfe51db') in 0.007359 seconds 
========================================================================
Received Import Request.
  Time since last request: 0.000046 seconds.
  path: Assets/3D Haven/Free Fantasy Terrain Textures/Demo/Terrains/Terrain Layers/3DH FTT Sand_001 1K.terrainlayer
  artifactKey: Guid(e14e7bc8b2b584d42a181446ec0f2a28) Importer(815301076,1909f56bfc062723c751e8b465ee728b)
Start importing Assets/3D Haven/Free Fantasy Terrain Textures/Demo/Terrains/Terrain Layers/3DH FTT Sand_001 1K.terrainlayer using Guid(e14e7bc8b2b584d42a181446ec0f2a28) Importer(815301076,1909f56bfc062723c751e8b465ee728b)  -> (artifact id: '149a75c1925b4338ce41cc4e40e440a2') in 0.005323 seconds 
========================================================================
Received Import Request.
  Time since last request: 0.000057 seconds.
  path: Assets/3D Haven/Free Fantasy Terrain Textures/Demo/Terrains/Terrain Layers/3DH FTT Path_001 Sand_001 2K.terrainlayer
  artifactKey: Guid(29c898037775222499beb16cf5396959) Importer(815301076,1909f56bfc062723c751e8b465ee728b)
Start importing Assets/3D Haven/Free Fantasy Terrain Textures/Demo/Terrains/Terrain Layers/3DH FTT Path_001 Sand_001 2K.terrainlayer using Guid(29c898037775222499beb16cf5396959) Importer(815301076,1909f56bfc062723c751e8b465ee728b)  -> (artifact id: '226baa5dba4d7e11b419824912fd8b56') in 0.005502 seconds 
========================================================================
Received Import Request.
  Time since last request: 15.056383 seconds.
  path: Assets/3D Haven/Free Fantasy Terrain Textures/Demo/Terrains/Terrain Layers/3DH FTT Grass_002 Rocks_001 2K.terrainlayer
  artifactKey: Guid(4aa6d513b607ff54a89f34a0cab8fb0a) Importer(815301076,1909f56bfc062723c751e8b465ee728b)
Start importing Assets/3D Haven/Free Fantasy Terrain Textures/Demo/Terrains/Terrain Layers/3DH FTT Grass_002 Rocks_001 2K.terrainlayer using Guid(4aa6d513b607ff54a89f34a0cab8fb0a) Importer(815301076,1909f56bfc062723c751e8b465ee728b)  -> (artifact id: 'c34f948b44bcae09ad072e785cb350e7') in 0.005275 seconds 
========================================================================
Received Import Request.
  Time since last request: 0.009370 seconds.
  path: Assets/3D Haven/Free Fantasy Terrain Textures/Demo/Terrains/Terrain Layers/3DH FTT Cliff_001 4K.terrainlayer
  artifactKey: Guid(af62f0aef08bceb4298446c1387ac4aa) Importer(815301076,1909f56bfc062723c751e8b465ee728b)
Start importing Assets/3D Haven/Free Fantasy Terrain Textures/Demo/Terrains/Terrain Layers/3DH FTT Cliff_001 4K.terrainlayer using Guid(af62f0aef08bceb4298446c1387ac4aa) Importer(815301076,1909f56bfc062723c751e8b465ee728b)  -> (artifact id: 'bc255fa819330555d8058811e5f19721') in 0.007520 seconds 
