Unity Editor version:    2021.3.18f1 (3129e69bc0c7)
Branch:                  2021.3/staging
Build type:              Release
Batch mode:              YES
macOS version:           Version 13.1 (Build 22C65)
Darwin version:          22.2.0
Architecture:            arm64
Running under Rosetta:   NO
Available memory:        16384 MB
Using pre-set license
Pro License: YES

COMMAND LINE ARGUMENTS:
/Applications/Unity/Hub/Editor/2021.3.18f1/Unity.app/Contents/MacOS/Unity
-adb2
-batchMode
-noUpm
-name
AssetImportWorker0
-projectPath
/Users/matthewphillips/projects/First_unity_project/Sun Frog
-logFile
Logs/AssetImportWorker0.log
-srvPort
49218
Successfully changed project path to: /Users/matthewphillips/projects/First_unity_project/Sun Frog
/Users/matthewphillips/projects/First_unity_project/Sun Frog
[UnityMemory] Configuration Parameters - Can be set up in boot.config
    "memorysetup-bucket-allocator-granularity=16"
    "memorysetup-bucket-allocator-bucket-count=8"
    "memorysetup-bucket-allocator-block-size=33554432"
    "memorysetup-bucket-allocator-block-count=8"
    "memorysetup-main-allocator-block-size=16777216"
    "memorysetup-thread-allocator-block-size=16777216"
    "memorysetup-gfx-main-allocator-block-size=16777216"
    "memorysetup-gfx-thread-allocator-block-size=16777216"
    "memorysetup-cache-allocator-block-size=4194304"
    "memorysetup-typetree-allocator-block-size=2097152"
    "memorysetup-profiler-bucket-allocator-granularity=16"
    "memorysetup-profiler-bucket-allocator-bucket-count=8"
    "memorysetup-profiler-bucket-allocator-block-size=33554432"
    "memorysetup-profiler-bucket-allocator-block-count=8"
    "memorysetup-profiler-allocator-block-size=16777216"
    "memorysetup-profiler-editor-allocator-block-size=1048576"
    "memorysetup-temp-allocator-size-main=16777216"
    "memorysetup-job-temp-allocator-block-size=2097152"
    "memorysetup-job-temp-allocator-block-size-background=1048576"
    "memorysetup-job-temp-allocator-reduction-small-platforms=262144"
    "memorysetup-temp-allocator-size-background-worker=32768"
    "memorysetup-temp-allocator-size-job-worker=262144"
    "memorysetup-temp-allocator-size-preload-manager=33554432"
    "memorysetup-temp-allocator-size-nav-mesh-worker=65536"
    "memorysetup-temp-allocator-size-audio-worker=65536"
    "memorysetup-temp-allocator-size-cloud-worker=32768"
    "memorysetup-temp-allocator-size-gi-baking-worker=262144"
    "memorysetup-temp-allocator-size-gfx=262144"
Player connection [8217246336] Host "[IP] 192.168.0.104 [Port] 0 [Flags] 2 [Guid] 1199540153 [EditorId] 1199540153 [Version] 1048832 [Id] OSXEditor(0,Matthews-MBP.cable.rcn.com) [Debug] 1 [PackageName] OSXEditor [ProjectName] Editor" joined multi-casting on [225.0.0.222:54997]...

Player connection [8217246336] Host "[IP] 192.168.0.104 [Port] 0 [Flags] 2 [Guid] 1199540153 [EditorId] 1199540153 [Version] 1048832 [Id] OSXEditor(0,Matthews-MBP.cable.rcn.com) [Debug] 1 [PackageName] OSXEditor [ProjectName] Editor" joined alternative multi-casting on [225.0.0.222:34997]...

Refreshing native plugins compatible for Editor in 69.19 ms, found 2 plugins.
Preloading 0 native plugins for Editor in 0.00 ms.
Initialize engine version: 2021.3.18f1 (3129e69bc0c7)
[Subsystems] Discovering subsystems at path /Applications/Unity/Hub/Editor/2021.3.18f1/Unity.app/Contents/Resources/UnitySubsystems
[Subsystems] Discovering subsystems at path /Users/matthewphillips/projects/First_unity_project/Sun Frog/Assets
GfxDevice: creating device client; threaded=0; jobified=0
 preferred device: Apple M1 Pro (high power)
Metal devices available: 1
0: Apple M1 Pro (high power)
Using device Apple M1 Pro (high power)
Initializing Metal device caps: Apple M1 Pro
Initialize mono
Mono path[0] = '/Applications/Unity/Hub/Editor/2021.3.18f1/Unity.app/Contents/Managed'
Mono path[1] = '/Applications/Unity/Hub/Editor/2021.3.18f1/Unity.app/Contents/MonoBleedingEdge/lib/mono/unityjit-macos'
Mono config path = '/Applications/Unity/Hub/Editor/2021.3.18f1/Unity.app/Contents/MonoBleedingEdge/etc'
Using monoOptions --debugger-agent=transport=dt_socket,embedding=1,server=y,suspend=n,address=127.0.0.1:56219
Begin MonoManager ReloadAssembly
Registering precompiled unity dll's ...
Register platform support module: /Applications/Unity/Hub/Editor/2021.3.18f1/PlaybackEngines/WebGLSupport/UnityEditor.WebGL.Extensions.dll
Register platform support module: /Applications/Unity/Hub/Editor/2021.3.18f1/Unity.app/Contents/PlaybackEngines/MacStandaloneSupport/UnityEditor.OSXStandalone.Extensions.dll
Registered in 0.000549 seconds.
Native extension for OSXStandalone target not found
Native extension for WebGL target not found
Refreshing native plugins compatible for Editor in 69.64 ms, found 2 plugins.
Preloading 0 native plugins for Editor in 0.00 ms.
Mono: successfully reloaded assembly
- Completed reload, in  0.377 seconds
Domain Reload Profiling:
	ReloadAssembly (377ms)
		BeginReloadAssembly (25ms)
			ExecutionOrderSort (0ms)
			DisableScriptedObjects (0ms)
			BackupInstance (0ms)
			ReleaseScriptingObjects (0ms)
			CreateAndSetChildDomain (0ms)
		EndReloadAssembly (288ms)
			LoadAssemblies (24ms)
			RebuildTransferFunctionScriptingTraits (0ms)
			SetupTypeCache (66ms)
			ReleaseScriptCaches (0ms)
			RebuildScriptCaches (19ms)
			SetupLoadedEditorAssemblies (177ms)
				LogAssemblyErrors (0ms)
				InitializePlatformSupportModulesInManaged (4ms)
				SetLoadedEditorAssemblies (0ms)
				RefreshPlugins (70ms)
				BeforeProcessingInitializeOnLoad (1ms)
				ProcessInitializeOnLoadAttributes (77ms)
				ProcessInitializeOnLoadMethodAttributes (26ms)
				AfterProcessingInitializeOnLoad (0ms)
				EditorAssembliesLoaded (0ms)
			ExecutionOrderSort2 (0ms)
			AwakeInstancesAfterBackupRestoration (0ms)
Platform modules already initialized, skipping
Registering precompiled user dll's ...
Registered in 0.001479 seconds.
Begin MonoManager ReloadAssembly
Symbol file LoadedFromMemory doesn't match image /Users/matthewphillips/projects/First_unity_project/Sun Frog/Library/PackageCache/com.unity.visualscripting@1.8.0/Editor/VisualScripting.Core/Dependencies/YamlDotNet/Unity.VisualScripting.YamlDotNet.dll
Symbol file LoadedFromMemory doesn't match image /Users/matthewphillips/projects/First_unity_project/Sun Frog/Library/PackageCache/com.unity.visualscripting@1.8.0/Editor/VisualScripting.Core/Dependencies/DotNetZip/Unity.VisualScripting.IonicZip.dll
Native extension for OSXStandalone target not found
Native extension for WebGL target not found
Refreshing native plugins compatible for Editor in 63.75 ms, found 2 plugins.
Preloading 0 native plugins for Editor in 0.00 ms.
Mono: successfully reloaded assembly
- Completed reload, in  0.638 seconds
Domain Reload Profiling:
	ReloadAssembly (639ms)
		BeginReloadAssembly (51ms)
			ExecutionOrderSort (0ms)
			DisableScriptedObjects (3ms)
			BackupInstance (0ms)
			ReleaseScriptingObjects (0ms)
			CreateAndSetChildDomain (14ms)
		EndReloadAssembly (524ms)
			LoadAssemblies (27ms)
			RebuildTransferFunctionScriptingTraits (0ms)
			SetupTypeCache (153ms)
			ReleaseScriptCaches (0ms)
			RebuildScriptCaches (31ms)
			SetupLoadedEditorAssemblies (284ms)
				LogAssemblyErrors (0ms)
				InitializePlatformSupportModulesInManaged (2ms)
				SetLoadedEditorAssemblies (0ms)
				RefreshPlugins (64ms)
				BeforeProcessingInitializeOnLoad (52ms)
				ProcessInitializeOnLoadAttributes (157ms)
				ProcessInitializeOnLoadMethodAttributes (8ms)
				AfterProcessingInitializeOnLoad (1ms)
				EditorAssembliesLoaded (0ms)
			ExecutionOrderSort2 (0ms)
			AwakeInstancesAfterBackupRestoration (2ms)
Platform modules already initialized, skipping
========================================================================
Worker process is ready to serve import requests
Launching external process: /Applications/Unity/Hub/Editor/2021.3.18f1/Unity.app/Contents/Tools/UnityShaderCompiler
Launched and connected shader compiler UnityShaderCompiler after 0.05 seconds
Refreshing native plugins compatible for Editor in 0.36 ms, found 2 plugins.
Preloading 0 native plugins for Editor in 0.00 ms.
Unloading 3276 Unused Serialized files (Serialized files now loaded: 0)
Unloading 48 unused Assets / (4.5 MB). Loaded Objects now: 3750.
Memory consumption went from 134.9 MB to 130.4 MB.
Total: 2.575083 ms (FindLiveObjects: 0.098208 ms CreateObjectMapping: 0.038667 ms MarkObjects: 2.024208 ms  DeleteObjects: 0.413167 ms)

AssetImportParameters requested are different than current active one (requested -> active):
  custom:video-decoder-ogg-theora: a1e56fd34408186e4bbccfd4996cb3dc -> 
  custom:container-muxer-webm: aa71ff27fc2769a1b78a27578f13a17b -> 
  custom:container-demuxer-webm: 4f35f7cbe854078d1ac9338744f61a02 -> 
  custom:video-encoder-webm-vp8: eb34c28f22e8b96e1ab97ce403110664 -> 
  custom:framework-osx-AVFoundation: e770b220cccbd017edd2c1fefb359320 -> 
  custom:audio-encoder-webm-vorbis: bf7c407c2cedff20999df2af8eb42d56 -> 
  custom:container-demuxer-ogg: 62fdf1f143b41e24485cea50d1cbac27 -> 
  custom:video-decoder-webm-vp8: 9c59270c3fd7afecdb556c50c9e8de78 -> 
  custom:audio-decoder-ogg-vorbis: bf7c407c2cedff20999df2af8eb42d56 -> 
========================================================================
Received Import Request.
  Time since last request: 805.228539 seconds.
  path: Packages/com.jbooth.microsplat.core/Textures
  artifactKey: Guid(f861e334666f34b70b8f633318bd21bc) Importer(815301076,1909f56bfc062723c751e8b465ee728b)
Start importing Packages/com.jbooth.microsplat.core/Textures using Guid(f861e334666f34b70b8f633318bd21bc) Importer(815301076,1909f56bfc062723c751e8b465ee728b)  -> (artifact id: '24bca427045ae87d9c6fc8186872d279') in 0.004379 seconds 
========================================================================
Received Import Request.
  Time since last request: 0.000061 seconds.
  path: Packages/com.jbooth.microsplat.core/Textures/microsplat_def_perlin4.tga
  artifactKey: Guid(fb84fc5f3e7e14ae7be5bd45efc3d3c4) Importer(815301076,1909f56bfc062723c751e8b465ee728b)
Start importing Packages/com.jbooth.microsplat.core/Textures/microsplat_def_perlin4.tga using Guid(fb84fc5f3e7e14ae7be5bd45efc3d3c4) Importer(815301076,1909f56bfc062723c751e8b465ee728b)  -> (artifact id: '4a831677323901208b126dcb63baa08e') in 0.540285 seconds 
========================================================================
Received Import Request.
  Time since last request: 8.145884 seconds.
  path: Packages/com.jbooth.microsplat.core/Scripts/JBooth.MicroSplat.Core.asmdef
  artifactKey: Guid(4bdfb2239705740718731d0b4d54061d) Importer(815301076,1909f56bfc062723c751e8b465ee728b)
Start importing Packages/com.jbooth.microsplat.core/Scripts/JBooth.MicroSplat.Core.asmdef using Guid(4bdfb2239705740718731d0b4d54061d) Importer(815301076,1909f56bfc062723c751e8b465ee728b)  -> (artifact id: '2ed4f379e201613439f9a12e0c5f03de') in 0.044995 seconds 
========================================================================
Received Import Request.
  Time since last request: 95.805176 seconds.
  path: Packages/com.jbooth.microsplat.core/Documentation/MicroSplat - 256 Textures.pdf
  artifactKey: Guid(15634fbf08cac4d5ea0087767116e4b1) Importer(815301076,1909f56bfc062723c751e8b465ee728b)
Start importing Packages/com.jbooth.microsplat.core/Documentation/MicroSplat - 256 Textures.pdf using Guid(15634fbf08cac4d5ea0087767116e4b1) Importer(815301076,1909f56bfc062723c751e8b465ee728b)  -> (artifact id: '57890227b7ef5387cf987e6900a3e282') in 0.049437 seconds 
========================================================================
Received Import Request.
  Time since last request: 51.198622 seconds.
  path: Assets/MicroSplatData/MicroSplat_keywords.asset
  artifactKey: Guid(2ed713cae3b3441499d113eecbf81567) Importer(815301076,1909f56bfc062723c751e8b465ee728b)
Start importing Assets/MicroSplatData/MicroSplat_keywords.asset using Guid(2ed713cae3b3441499d113eecbf81567) Importer(815301076,1909f56bfc062723c751e8b465ee728b)  -> (artifact id: '7d534f1a7588d949345a346b91d43b82') in 0.023937 seconds 
========================================================================
Received Import Request.
  Time since last request: 0.000043 seconds.
  path: Assets/MicroSplatData/MicroSplatConfig_normSAO_tarray.asset
  artifactKey: Guid(8ac0a21cbac6246269fbc5992bf41b3f) Importer(815301076,1909f56bfc062723c751e8b465ee728b)
Start importing Assets/MicroSplatData/MicroSplatConfig_normSAO_tarray.asset using Guid(8ac0a21cbac6246269fbc5992bf41b3f) Importer(815301076,1909f56bfc062723c751e8b465ee728b)  -> (artifact id: 'e752895d1807b01f8cfc5fd43e798a6a') in 0.058728 seconds 
========================================================================
Received Import Request.
  Time since last request: 0.000066 seconds.
  path: Assets/MicroSplatData/MicroSplatConfig_diff_tarray.asset
  artifactKey: Guid(f0a49fd03d87946528de255e5980f8e5) Importer(815301076,1909f56bfc062723c751e8b465ee728b)
Start importing Assets/MicroSplatData/MicroSplatConfig_diff_tarray.asset using Guid(f0a49fd03d87946528de255e5980f8e5) Importer(815301076,1909f56bfc062723c751e8b465ee728b)  -> (artifact id: 'd457233e12f818e2b7b9b0c7e549807b') in 0.006570 seconds 
========================================================================
Received Import Request.
  Time since last request: 11.598879 seconds.
  path: Packages/com.unity.textmeshpro/Editor Resources/Textures/btn_AlignBaseLine.psd
  artifactKey: Guid(8bc445bb79654bf496c92d0407840a92) Importer(815301076,1909f56bfc062723c751e8b465ee728b)
Start importing Packages/com.unity.textmeshpro/Editor Resources/Textures/btn_AlignBaseLine.psd using Guid(8bc445bb79654bf496c92d0407840a92) Importer(815301076,1909f56bfc062723c751e8b465ee728b)  -> (artifact id: 'aa8201d79be9fc423d6f7f3d6d815a96') in 0.606926 seconds 
========================================================================
Received Import Request.
  Time since last request: 0.000058 seconds.
  path: Packages/com.unity.textmeshpro/Editor Resources/Textures/btn_AlignCapLine.psd
  artifactKey: Guid(0d9a36012a224080966c7b55896aa0f9) Importer(815301076,1909f56bfc062723c751e8b465ee728b)
Start importing Packages/com.unity.textmeshpro/Editor Resources/Textures/btn_AlignCapLine.psd using Guid(0d9a36012a224080966c7b55896aa0f9) Importer(815301076,1909f56bfc062723c751e8b465ee728b)  -> (artifact id: 'b03fa845761212c2e46fac3b4343677a') in 0.004091 seconds 
========================================================================
Received Import Request.
  Time since last request: 0.000033 seconds.
  path: Packages/com.unity.textmeshpro/Editor Resources/Textures/btn_AlignCenter.psd
  artifactKey: Guid(81ed8c76d2bc4a4c95d092c98af4e58f) Importer(815301076,1909f56bfc062723c751e8b465ee728b)
Start importing Packages/com.unity.textmeshpro/Editor Resources/Textures/btn_AlignCenter.psd using Guid(81ed8c76d2bc4a4c95d092c98af4e58f) Importer(815301076,1909f56bfc062723c751e8b465ee728b)  -> (artifact id: 'aede8093aac20b33f19bb27205017204') in 0.005584 seconds 
========================================================================
Received Import Request.
  Time since last request: 0.000046 seconds.
  path: Packages/com.unity.textmeshpro/Editor Resources/Textures/btn_AlignBottom_Light.psd
  artifactKey: Guid(585b70cb75dd43efbfead809c30a1731) Importer(815301076,1909f56bfc062723c751e8b465ee728b)
Start importing Packages/com.unity.textmeshpro/Editor Resources/Textures/btn_AlignBottom_Light.psd using Guid(585b70cb75dd43efbfead809c30a1731) Importer(815301076,1909f56bfc062723c751e8b465ee728b)  -> (artifact id: '4236eaaea3dbcc2795706b84fd959930') in 0.003726 seconds 
========================================================================
Received Import Request.
  Time since last request: 2.405053 seconds.
  path: Packages/com.unity.textmeshpro/Editor Resources/Textures/btn_AlignCenterGeo.psd
  artifactKey: Guid(c76700ea0062413d9f69409b4e9e151b) Importer(815301076,1909f56bfc062723c751e8b465ee728b)
Start importing Packages/com.unity.textmeshpro/Editor Resources/Textures/btn_AlignCenterGeo.psd using Guid(c76700ea0062413d9f69409b4e9e151b) Importer(815301076,1909f56bfc062723c751e8b465ee728b)  -> (artifact id: 'd17bb311e1048bbab1128cbcad5ba461') in 0.010261 seconds 
========================================================================
Received Import Request.
  Time since last request: 0.029314 seconds.
  path: Packages/com.unity.textmeshpro/Editor Resources/Textures/btn_AlignFlush.psd
  artifactKey: Guid(691475c57a824010be0c6f474caeb7e1) Importer(815301076,1909f56bfc062723c751e8b465ee728b)
Start importing Packages/com.unity.textmeshpro/Editor Resources/Textures/btn_AlignFlush.psd using Guid(691475c57a824010be0c6f474caeb7e1) Importer(815301076,1909f56bfc062723c751e8b465ee728b)  -> (artifact id: '75fe30df852767926f8b3227b2e5b618') in 0.007284 seconds 
========================================================================
Received Import Request.
  Time since last request: 0.339688 seconds.
  path: Packages/com.unity.textmeshpro/Editor Resources/Textures/btn_AlignJustified.psd
  artifactKey: Guid(92027f7f8cfc4feaa477da0dc38d3d46) Importer(815301076,1909f56bfc062723c751e8b465ee728b)
Start importing Packages/com.unity.textmeshpro/Editor Resources/Textures/btn_AlignJustified.psd using Guid(92027f7f8cfc4feaa477da0dc38d3d46) Importer(815301076,1909f56bfc062723c751e8b465ee728b)  -> (artifact id: '88eab5b378584069bfa2518cd079c6d9') in 0.009464 seconds 
========================================================================
Received Import Request.
  Time since last request: 0.016701 seconds.
  path: Packages/com.unity.textmeshpro/Editor Resources/Textures/btn_AlignLeft.psd
  artifactKey: Guid(9288066c33474b94b6ee5465f4df1cc0) Importer(815301076,1909f56bfc062723c751e8b465ee728b)
Start importing Packages/com.unity.textmeshpro/Editor Resources/Textures/btn_AlignLeft.psd using Guid(9288066c33474b94b6ee5465f4df1cc0) Importer(815301076,1909f56bfc062723c751e8b465ee728b)  -> (artifact id: '5baf3df44971ee5afeacf7ed816872d4') in 0.003789 seconds 
========================================================================
Received Import Request.
  Time since last request: 0.008975 seconds.
  path: Packages/com.unity.textmeshpro/Editor Resources/Textures/btn_AlignMiddle.psd
  artifactKey: Guid(41b96614b2e6494ba995ddcd252d11ae) Importer(815301076,1909f56bfc062723c751e8b465ee728b)
Start importing Packages/com.unity.textmeshpro/Editor Resources/Textures/btn_AlignMiddle.psd using Guid(41b96614b2e6494ba995ddcd252d11ae) Importer(815301076,1909f56bfc062723c751e8b465ee728b)  -> (artifact id: 'bb7640d555c2a0ba83e0b6c3222d3197') in 0.003647 seconds 
========================================================================
Received Import Request.
  Time since last request: 0.000051 seconds.
  path: Packages/com.unity.textmeshpro/Editor Resources/Textures/btn_AlignMidline_Light.psd
  artifactKey: Guid(bb42b2d967d6427983c901a4ffc8ecd9) Importer(815301076,1909f56bfc062723c751e8b465ee728b)
Start importing Packages/com.unity.textmeshpro/Editor Resources/Textures/btn_AlignMidline_Light.psd using Guid(bb42b2d967d6427983c901a4ffc8ecd9) Importer(815301076,1909f56bfc062723c751e8b465ee728b)  -> (artifact id: 'cb69f1da9fc996d9706563da5408834d') in 0.003218 seconds 
========================================================================
Received Import Request.
  Time since last request: 0.276168 seconds.
  path: Packages/com.unity.textmeshpro/Editor Resources/Textures/btn_AlignRight.psd
  artifactKey: Guid(342a0f8aca7f4f0691338912faec0494) Importer(815301076,1909f56bfc062723c751e8b465ee728b)
Start importing Packages/com.unity.textmeshpro/Editor Resources/Textures/btn_AlignRight.psd using Guid(342a0f8aca7f4f0691338912faec0494) Importer(815301076,1909f56bfc062723c751e8b465ee728b)  -> (artifact id: '612ee554d8d56aec0672e3facb773a7e') in 0.006270 seconds 
========================================================================
Received Import Request.
  Time since last request: 0.001635 seconds.
  path: Packages/com.unity.textmeshpro/Editor Resources/Textures/btn_AlignTop.psd
  artifactKey: Guid(48d034c499ee4697af9dd6e327110249) Importer(815301076,1909f56bfc062723c751e8b465ee728b)
Start importing Packages/com.unity.textmeshpro/Editor Resources/Textures/btn_AlignTop.psd using Guid(48d034c499ee4697af9dd6e327110249) Importer(815301076,1909f56bfc062723c751e8b465ee728b)  -> (artifact id: '69ac413dd7cf2da7ea3f4cc05686200f') in 0.004186 seconds 
========================================================================
Received Import Request.
  Time since last request: 0.015498 seconds.
  path: Packages/com.unity.collab-proxy/Editor/PlasticSCM/Assets/Images/buttonssosigninemail.png
  artifactKey: Guid(d24e7e0b75e1a244bb9687d6fd4315ef) Importer(815301076,1909f56bfc062723c751e8b465ee728b)
Start importing Packages/com.unity.collab-proxy/Editor/PlasticSCM/Assets/Images/buttonssosigninemail.png using Guid(d24e7e0b75e1a244bb9687d6fd4315ef) Importer(815301076,1909f56bfc062723c751e8b465ee728b)  -> (artifact id: 'cb470967204edba2a74774a3624657b8') in 0.548709 seconds 
========================================================================
Received Import Request.
  Time since last request: 0.000033 seconds.
  path: Packages/com.unity.collab-proxy/Editor/PlasticSCM/Assets/Images/d_buttonssosigninemail@2x.png
  artifactKey: Guid(144aa74618b85974a9a50f612c2fa8fd) Importer(815301076,1909f56bfc062723c751e8b465ee728b)
Start importing Packages/com.unity.collab-proxy/Editor/PlasticSCM/Assets/Images/d_buttonssosigninemail@2x.png using Guid(144aa74618b85974a9a50f612c2fa8fd) Importer(815301076,1909f56bfc062723c751e8b465ee728b)  -> (artifact id: '457377ff2deb63d3740fe1145f9df9a2') in 0.005176 seconds 
========================================================================
Received Import Request.
  Time since last request: 0.000030 seconds.
  path: Packages/com.unity.collab-proxy/Editor/PlasticSCM/Assets/Images/buttonssosigninunity.png
  artifactKey: Guid(f9161c6c9e06dc445ada3ee16d991f90) Importer(815301076,1909f56bfc062723c751e8b465ee728b)
Start importing Packages/com.unity.collab-proxy/Editor/PlasticSCM/Assets/Images/buttonssosigninunity.png using Guid(f9161c6c9e06dc445ada3ee16d991f90) Importer(815301076,1909f56bfc062723c751e8b465ee728b)  -> (artifact id: '411298c6cdb64a064b5c64df289e7a6c') in 0.007322 seconds 
========================================================================
Received Import Request.
  Time since last request: 0.000052 seconds.
  path: Packages/com.unity.collab-proxy/Editor/PlasticSCM/Assets/Images/d_cloudbuho.png
  artifactKey: Guid(e5600378dd761e64d9423790c482bf36) Importer(815301076,1909f56bfc062723c751e8b465ee728b)
Start importing Packages/com.unity.collab-proxy/Editor/PlasticSCM/Assets/Images/d_cloudbuho.png using Guid(e5600378dd761e64d9423790c482bf36) Importer(815301076,1909f56bfc062723c751e8b465ee728b)  -> (artifact id: '5ee221e719e9b09a796613c297b0c8c4') in 0.010762 seconds 
========================================================================
Received Import Request.
  Time since last request: 0.000050 seconds.
  path: Packages/com.unity.testtools.codecoverage/Editor/Icons/CodeCoverage.png
  artifactKey: Guid(5e4d1277a09266944b3431a0a44d0862) Importer(815301076,1909f56bfc062723c751e8b465ee728b)
Start importing Packages/com.unity.testtools.codecoverage/Editor/Icons/CodeCoverage.png using Guid(5e4d1277a09266944b3431a0a44d0862) Importer(815301076,1909f56bfc062723c751e8b465ee728b)  -> (artifact id: '30c2e005dfb258548173370375d60645') in 0.004539 seconds 
========================================================================
Received Import Request.
  Time since last request: 0.747145 seconds.
  path: Packages/com.unity.collab-proxy/Editor/PlasticSCM/Assets/Images/d_cloudbuhoshe.png
  artifactKey: Guid(dae33700bd23f76409a80bf78fdb8a42) Importer(815301076,1909f56bfc062723c751e8b465ee728b)
Start importing Packages/com.unity.collab-proxy/Editor/PlasticSCM/Assets/Images/d_cloudbuhoshe.png using Guid(dae33700bd23f76409a80bf78fdb8a42) Importer(815301076,1909f56bfc062723c751e8b465ee728b)  -> (artifact id: 'e71609f091f148495d6a61987f0194d3') in 0.018964 seconds 
========================================================================
Received Import Request.
  Time since last request: 0.051308 seconds.
  path: Packages/com.unity.testtools.codecoverage/Editor/Icons/d_CodeCoverage.png
  artifactKey: Guid(48e45b7f100ee4b48a02e05135e6cece) Importer(815301076,1909f56bfc062723c751e8b465ee728b)
Start importing Packages/com.unity.testtools.codecoverage/Editor/Icons/d_CodeCoverage.png using Guid(48e45b7f100ee4b48a02e05135e6cece) Importer(815301076,1909f56bfc062723c751e8b465ee728b)  -> (artifact id: '61de894a62b51120d3b1444f13f41d44') in 0.004858 seconds 
========================================================================
Received Import Request.
  Time since last request: 0.950287 seconds.
  path: Packages/com.unity.collab-proxy/Editor/PlasticSCM/Assets/Images/d_colorbuho.png
  artifactKey: Guid(3a0c527d7f890d64a9b56b086e6e766a) Importer(815301076,1909f56bfc062723c751e8b465ee728b)
Start importing Packages/com.unity.collab-proxy/Editor/PlasticSCM/Assets/Images/d_colorbuho.png using Guid(3a0c527d7f890d64a9b56b086e6e766a) Importer(815301076,1909f56bfc062723c751e8b465ee728b)  -> (artifact id: 'fae01b564d3799e68aecbbbb2eb290f5') in 0.018687 seconds 
========================================================================
Received Import Request.
  Time since last request: 0.628467 seconds.
  path: Packages/com.unity.collab-proxy/Editor/PlasticSCM/Assets/Images/d_colorbuhoshe.png
  artifactKey: Guid(a04ecc9d5e12d5d449077414eb86635e) Importer(815301076,1909f56bfc062723c751e8b465ee728b)
Start importing Packages/com.unity.collab-proxy/Editor/PlasticSCM/Assets/Images/d_colorbuhoshe.png using Guid(a04ecc9d5e12d5d449077414eb86635e) Importer(815301076,1909f56bfc062723c751e8b465ee728b)  -> (artifact id: '59bf22127f123ebbc8e8850c1cd47439') in 0.018733 seconds 
========================================================================
Received Import Request.
  Time since last request: 0.694037 seconds.
  path: Packages/com.unity.collab-proxy/Editor/PlasticSCM/Assets/Images/d_expertbuho.png
  artifactKey: Guid(13e7e6fe43a8aa049bcd610bbc1f5ff8) Importer(815301076,1909f56bfc062723c751e8b465ee728b)
Start importing Packages/com.unity.collab-proxy/Editor/PlasticSCM/Assets/Images/d_expertbuho.png using Guid(13e7e6fe43a8aa049bcd610bbc1f5ff8) Importer(815301076,1909f56bfc062723c751e8b465ee728b)  -> (artifact id: 'f0611628ba66ddeede6f80d4a4af1770') in 0.020850 seconds 
========================================================================
Received Import Request.
  Time since last request: 0.270645 seconds.
  path: Packages/com.unity.collab-proxy/Editor/PlasticSCM/Assets/Images/d_expertbuhoshe.png
  artifactKey: Guid(8325d4ef0a6eb3d43952aff8a06d9f45) Importer(815301076,1909f56bfc062723c751e8b465ee728b)
Start importing Packages/com.unity.collab-proxy/Editor/PlasticSCM/Assets/Images/d_expertbuhoshe.png using Guid(8325d4ef0a6eb3d43952aff8a06d9f45) Importer(815301076,1909f56bfc062723c751e8b465ee728b)  -> (artifact id: '075080ff2b42786205c54934c831f20e') in 0.020040 seconds 
========================================================================
Received Import Request.
  Time since last request: 0.022408 seconds.
  path: Packages/com.unity.testtools.codecoverage/Editor/Icons/d_FolderOpened.png
  artifactKey: Guid(663a080499383ea4e9297061febf5ef7) Importer(815301076,1909f56bfc062723c751e8b465ee728b)
Start importing Packages/com.unity.testtools.codecoverage/Editor/Icons/d_FolderOpened.png using Guid(663a080499383ea4e9297061febf5ef7) Importer(815301076,1909f56bfc062723c751e8b465ee728b)  -> (artifact id: '7398810c76364cbecd742f6626905bdf') in 0.006109 seconds 
========================================================================
Received Import Request.
  Time since last request: 0.829755 seconds.
  path: Packages/com.unity.collab-proxy/Editor/PlasticSCM/Assets/Images/d_genericbuho1.png
  artifactKey: Guid(43ad51e043491b94d8f6c62d55ac5ede) Importer(815301076,1909f56bfc062723c751e8b465ee728b)
Start importing Packages/com.unity.collab-proxy/Editor/PlasticSCM/Assets/Images/d_genericbuho1.png using Guid(43ad51e043491b94d8f6c62d55ac5ede) Importer(815301076,1909f56bfc062723c751e8b465ee728b)  -> (artifact id: 'ca2cf91af281718e0a96d59dfb72196d') in 0.017693 seconds 
========================================================================
Received Import Request.
  Time since last request: 0.000075 seconds.
  path: Packages/com.unity.collab-proxy/Editor/PlasticSCM/Assets/Images/d_genericbuhochristmas1.png
  artifactKey: Guid(e36d1a38d7aa309409e80bf66a089330) Importer(815301076,1909f56bfc062723c751e8b465ee728b)
Start importing Packages/com.unity.collab-proxy/Editor/PlasticSCM/Assets/Images/d_genericbuhochristmas1.png using Guid(e36d1a38d7aa309409e80bf66a089330) Importer(815301076,1909f56bfc062723c751e8b465ee728b)  -> (artifact id: 'de5edc1b358f4f2fdf91261fd65f24f7') in 0.010568 seconds 
========================================================================
Received Import Request.
  Time since last request: 0.358214 seconds.
  path: Packages/com.unity.collab-proxy/Editor/PlasticSCM/Assets/Images/d_genericbuhochristmas2.png
  artifactKey: Guid(5955491dc8dcecb4a993d9a008cf65a7) Importer(815301076,1909f56bfc062723c751e8b465ee728b)
Start importing Packages/com.unity.collab-proxy/Editor/PlasticSCM/Assets/Images/d_genericbuhochristmas2.png using Guid(5955491dc8dcecb4a993d9a008cf65a7) Importer(815301076,1909f56bfc062723c751e8b465ee728b)  -> (artifact id: '9b749dbeac5682172e58c8b975881e24') in 0.021021 seconds 
========================================================================
Received Import Request.
  Time since last request: 0.000041 seconds.
  path: Packages/com.unity.collab-proxy/Editor/PlasticSCM/Assets/Images/d_genericbuhoshe2.png
  artifactKey: Guid(17035c204825f6340a252046ab6476fd) Importer(815301076,1909f56bfc062723c751e8b465ee728b)
Start importing Packages/com.unity.collab-proxy/Editor/PlasticSCM/Assets/Images/d_genericbuhoshe2.png using Guid(17035c204825f6340a252046ab6476fd) Importer(815301076,1909f56bfc062723c751e8b465ee728b)  -> (artifact id: '96896bd84b25887a9d8c6ae69cf7754e') in 0.010870 seconds 
========================================================================
Received Import Request.
  Time since last request: 0.000041 seconds.
  path: Packages/com.unity.collab-proxy/Editor/PlasticSCM/Assets/Images/d_genericbuhoshechristmas2.png
  artifactKey: Guid(7fd3cda14282bb7429b8eeb6c121e5bb) Importer(815301076,1909f56bfc062723c751e8b465ee728b)
Start importing Packages/com.unity.collab-proxy/Editor/PlasticSCM/Assets/Images/d_genericbuhoshechristmas2.png using Guid(7fd3cda14282bb7429b8eeb6c121e5bb) Importer(815301076,1909f56bfc062723c751e8b465ee728b)  -> (artifact id: '31744817dcfa1d6f3a977ef7e5099e54') in 0.009504 seconds 
========================================================================
Received Import Request.
  Time since last request: 0.000043 seconds.
  path: Packages/com.unity.collab-proxy/Editor/PlasticSCM/Assets/Images/d_genericbuhoshechristmas3.png
  artifactKey: Guid(f8c9467a892580344bb697526dac0d13) Importer(815301076,1909f56bfc062723c751e8b465ee728b)
Start importing Packages/com.unity.collab-proxy/Editor/PlasticSCM/Assets/Images/d_genericbuhoshechristmas3.png using Guid(f8c9467a892580344bb697526dac0d13) Importer(815301076,1909f56bfc062723c751e8b465ee728b)  -> (artifact id: '246d88399331f6524bcda06f66589941') in 0.009273 seconds 
========================================================================
Received Import Request.
  Time since last request: 0.325479 seconds.
  path: Packages/com.unity.collab-proxy/Editor/PlasticSCM/Assets/Images/d_iconaddedlocal.png
  artifactKey: Guid(0c6a2a64ca9f9c946a7dbbd1674cf5bd) Importer(815301076,1909f56bfc062723c751e8b465ee728b)
Start importing Packages/com.unity.collab-proxy/Editor/PlasticSCM/Assets/Images/d_iconaddedlocal.png using Guid(0c6a2a64ca9f9c946a7dbbd1674cf5bd) Importer(815301076,1909f56bfc062723c751e8b465ee728b)  -> (artifact id: 'dd3a49733b79bca49cd93a1eb559ca36') in 0.012337 seconds 
========================================================================
Received Import Request.
  Time since last request: 0.020885 seconds.
  path: Packages/com.unity.collab-proxy/Editor/PlasticSCM/Assets/Images/d_iconaddedoverlay.png
  artifactKey: Guid(73d124bf77e463c45942d14136745d9f) Importer(815301076,1909f56bfc062723c751e8b465ee728b)
Start importing Packages/com.unity.collab-proxy/Editor/PlasticSCM/Assets/Images/d_iconaddedoverlay.png using Guid(73d124bf77e463c45942d14136745d9f) Importer(815301076,1909f56bfc062723c751e8b465ee728b)  -> (artifact id: '68a90ce2121e3bc5796b6a44d48235c8') in 0.005206 seconds 
========================================================================
Received Import Request.
  Time since last request: 0.008843 seconds.
  path: Packages/com.unity.collab-proxy/Editor/PlasticSCM/Assets/Images/d_iconbranch.png
  artifactKey: Guid(612c5e166a121e3449dad067fbdc37a4) Importer(815301076,1909f56bfc062723c751e8b465ee728b)
Start importing Packages/com.unity.collab-proxy/Editor/PlasticSCM/Assets/Images/d_iconbranch.png using Guid(612c5e166a121e3449dad067fbdc37a4) Importer(815301076,1909f56bfc062723c751e8b465ee728b)  -> (artifact id: '9d98e82ff9306584877dc94c44e79f4c') in 0.005654 seconds 
========================================================================
Received Import Request.
  Time since last request: 0.386842 seconds.
  path: Packages/com.unity.collab-proxy/Editor/PlasticSCM/Assets/Images/d_iconcheckedoutlocaloverlay.png
  artifactKey: Guid(bb1928aff4fd4cf44af1f629dc14ef9b) Importer(815301076,1909f56bfc062723c751e8b465ee728b)
Start importing Packages/com.unity.collab-proxy/Editor/PlasticSCM/Assets/Images/d_iconcheckedoutlocaloverlay.png using Guid(bb1928aff4fd4cf44af1f629dc14ef9b) Importer(815301076,1909f56bfc062723c751e8b465ee728b)  -> (artifact id: 'b3105c595bcf4f2d8bdd0c2c8e7d106d') in 0.012783 seconds 
========================================================================
Received Import Request.
  Time since last request: 3.252159 seconds.
  path: Packages/com.unity.collab-proxy/Editor/PlasticSCM/Assets/Images/d_iconclosebutton.png
  artifactKey: Guid(9cadde7a0d5f9024ab3f2cd5f6a740d6) Importer(815301076,1909f56bfc062723c751e8b465ee728b)
Start importing Packages/com.unity.collab-proxy/Editor/PlasticSCM/Assets/Images/d_iconclosebutton.png using Guid(9cadde7a0d5f9024ab3f2cd5f6a740d6) Importer(815301076,1909f56bfc062723c751e8b465ee728b)  -> (artifact id: 'f96d600bbe911821069a33f23e5fec3e') in 0.012537 seconds 
========================================================================
Received Import Request.
  Time since last request: 0.023153 seconds.
  path: Packages/com.unity.collab-proxy/Editor/PlasticSCM/Assets/Images/d_iconconflicted.png
  artifactKey: Guid(881798b77426a8f47b533dcc4767e9e5) Importer(815301076,1909f56bfc062723c751e8b465ee728b)
Start importing Packages/com.unity.collab-proxy/Editor/PlasticSCM/Assets/Images/d_iconconflicted.png using Guid(881798b77426a8f47b533dcc4767e9e5) Importer(815301076,1909f56bfc062723c751e8b465ee728b)  -> (artifact id: '0237943741b487e89911a999b04467f1') in 0.005466 seconds 
========================================================================
Received Import Request.
  Time since last request: 0.000063 seconds.
  path: Packages/com.unity.collab-proxy/Editor/PlasticSCM/Assets/Images/d_iconconflictedoverlay.png
  artifactKey: Guid(a892bcc7ae1871447926b3c44d158763) Importer(815301076,1909f56bfc062723c751e8b465ee728b)
Start importing Packages/com.unity.collab-proxy/Editor/PlasticSCM/Assets/Images/d_iconconflictedoverlay.png using Guid(a892bcc7ae1871447926b3c44d158763) Importer(815301076,1909f56bfc062723c751e8b465ee728b)  -> (artifact id: 'ea3f876ecd1450e21fa240a623e94c27') in 0.005081 seconds 
========================================================================
Received Import Request.
  Time since last request: 0.308189 seconds.
  path: Packages/com.unity.collab-proxy/Editor/PlasticSCM/Assets/Images/d_iconconflictresolvedoverlay.png
  artifactKey: Guid(056ee72c467a4e24d87541d42839ca72) Importer(815301076,1909f56bfc062723c751e8b465ee728b)
Start importing Packages/com.unity.collab-proxy/Editor/PlasticSCM/Assets/Images/d_iconconflictresolvedoverlay.png using Guid(056ee72c467a4e24d87541d42839ca72) Importer(815301076,1909f56bfc062723c751e8b465ee728b)  -> (artifact id: 'e174d4b325607d914f9ab7a5eab32022') in 0.013297 seconds 
========================================================================
Received Import Request.
  Time since last request: 0.012968 seconds.
  path: Packages/com.unity.collab-proxy/Editor/PlasticSCM/Assets/Images/d_icondeletedlocaloverlay.png
  artifactKey: Guid(4da274d970a82a943ae3979e7833f3dd) Importer(815301076,1909f56bfc062723c751e8b465ee728b)
Start importing Packages/com.unity.collab-proxy/Editor/PlasticSCM/Assets/Images/d_icondeletedlocaloverlay.png using Guid(4da274d970a82a943ae3979e7833f3dd) Importer(815301076,1909f56bfc062723c751e8b465ee728b)  -> (artifact id: '026fcb294c3c3e1a68b4b4991892b6f4') in 0.009152 seconds 
========================================================================
Received Import Request.
  Time since last request: 0.555241 seconds.
  path: Packages/com.unity.collab-proxy/Editor/PlasticSCM/Assets/Images/d_icondeletedremote.png
  artifactKey: Guid(23e66f7264c74424889342127f229577) Importer(815301076,1909f56bfc062723c751e8b465ee728b)
Start importing Packages/com.unity.collab-proxy/Editor/PlasticSCM/Assets/Images/d_icondeletedremote.png using Guid(23e66f7264c74424889342127f229577) Importer(815301076,1909f56bfc062723c751e8b465ee728b)  -> (artifact id: '701ed5c7d7826dd87e61bea2f219207e') in 0.012939 seconds 
========================================================================
Received Import Request.
  Time since last request: 0.016904 seconds.
  path: Packages/com.unity.collab-proxy/Editor/PlasticSCM/Assets/Images/d_icondeletedremoteoverlay.png
  artifactKey: Guid(3de8a0634e55df8499c88204001cb0dd) Importer(815301076,1909f56bfc062723c751e8b465ee728b)
Start importing Packages/com.unity.collab-proxy/Editor/PlasticSCM/Assets/Images/d_icondeletedremoteoverlay.png using Guid(3de8a0634e55df8499c88204001cb0dd) Importer(815301076,1909f56bfc062723c751e8b465ee728b)  -> (artifact id: '45a807171b379ddfca2ecdc1253748a4') in 0.009699 seconds 
========================================================================
Received Import Request.
  Time since last request: 0.020521 seconds.
  path: Packages/com.unity.collab-proxy/Editor/PlasticSCM/Assets/Images/d_iconemptygravatar.png
  artifactKey: Guid(9aebd705574f9e642aef1e5f59b3e4d8) Importer(815301076,1909f56bfc062723c751e8b465ee728b)
Start importing Packages/com.unity.collab-proxy/Editor/PlasticSCM/Assets/Images/d_iconemptygravatar.png using Guid(9aebd705574f9e642aef1e5f59b3e4d8) Importer(815301076,1909f56bfc062723c751e8b465ee728b)  -> (artifact id: '5ce89e541a38f5a62af50fed112a042e') in 0.009211 seconds 
========================================================================
Received Import Request.
  Time since last request: 0.399872 seconds.
  path: Packages/com.unity.collab-proxy/Editor/PlasticSCM/Assets/Images/d_iconlockedlocaloverlay.png
  artifactKey: Guid(71c45f80bffdb9145ad2c456254c862e) Importer(815301076,1909f56bfc062723c751e8b465ee728b)
Start importing Packages/com.unity.collab-proxy/Editor/PlasticSCM/Assets/Images/d_iconlockedlocaloverlay.png using Guid(71c45f80bffdb9145ad2c456254c862e) Importer(815301076,1909f56bfc062723c751e8b465ee728b)  -> (artifact id: '8461c9d4bc01851142f2bc15e3032dec') in 0.012794 seconds 
========================================================================
Received Import Request.
  Time since last request: 0.017986 seconds.
  path: Packages/com.unity.collab-proxy/Editor/PlasticSCM/Assets/Images/d_iconlockedremoteoverlay.png
  artifactKey: Guid(1046ed65e6aaffb4391378f6d08d6c14) Importer(815301076,1909f56bfc062723c751e8b465ee728b)
Start importing Packages/com.unity.collab-proxy/Editor/PlasticSCM/Assets/Images/d_iconlockedremoteoverlay.png using Guid(1046ed65e6aaffb4391378f6d08d6c14) Importer(815301076,1909f56bfc062723c751e8b465ee728b)  -> (artifact id: '0a8f07b7909341783e24d8b96a4db339') in 0.004922 seconds 
========================================================================
Received Import Request.
  Time since last request: 0.000049 seconds.
  path: Packages/com.unity.collab-proxy/Editor/PlasticSCM/Assets/Images/d_iconoutofsync@2x.png
  artifactKey: Guid(f82dfc5fc3c5a8f4080a3550427019c8) Importer(815301076,1909f56bfc062723c751e8b465ee728b)
Start importing Packages/com.unity.collab-proxy/Editor/PlasticSCM/Assets/Images/d_iconoutofsync@2x.png using Guid(f82dfc5fc3c5a8f4080a3550427019c8) Importer(815301076,1909f56bfc062723c751e8b465ee728b)  -> (artifact id: 'eebad4586d02e6c2463477d2916ec02d') in 0.004588 seconds 
========================================================================
Received Import Request.
  Time since last request: 9.090766 seconds.
  path: Packages/com.unity.textmeshpro/Editor Resources/Textures/btn_AlignBottom.psd
  artifactKey: Guid(ca51b19024094d1b87f3e07edb0a75fb) Importer(815301076,1909f56bfc062723c751e8b465ee728b)
Start importing Packages/com.unity.textmeshpro/Editor Resources/Textures/btn_AlignBottom.psd using Guid(ca51b19024094d1b87f3e07edb0a75fb) Importer(815301076,1909f56bfc062723c751e8b465ee728b)  -> (artifact id: '7fba94ba4af64e260179e217fda49d20') in 0.003583 seconds 
========================================================================
Received Import Request.
  Time since last request: 1.152451 seconds.
  path: Packages/com.unity.textmeshpro/Editor Resources/Textures/SectionHeader_Dark.psd
  artifactKey: Guid(fb5730e24283d0c489e5c7d0bee023d9) Importer(815301076,1909f56bfc062723c751e8b465ee728b)
Start importing Packages/com.unity.textmeshpro/Editor Resources/Textures/SectionHeader_Dark.psd using Guid(fb5730e24283d0c489e5c7d0bee023d9) Importer(815301076,1909f56bfc062723c751e8b465ee728b)  -> (artifact id: 'cb19c7b2d4d719dac2c31770c7598a44') in 0.004249 seconds 
========================================================================
Received Import Request.
  Time since last request: 26.478015 seconds.
  path: Packages/com.unity.textmeshpro/Editor Resources/Shaders/TMP_Properties.cginc
  artifactKey: Guid(3c6c403084eacec478a1129ce20061ea) Importer(815301076,1909f56bfc062723c751e8b465ee728b)
Start importing Packages/com.unity.textmeshpro/Editor Resources/Shaders/TMP_Properties.cginc using Guid(3c6c403084eacec478a1129ce20061ea) Importer(815301076,1909f56bfc062723c751e8b465ee728b)  -> (artifact id: '5ec7048a615fd4bad7d9544072215ddd') in 0.042500 seconds 
========================================================================
Received Import Request.
  Time since last request: 1.224575 seconds.
  path: Packages/com.unity.textmeshpro/Editor Resources/Gizmos/TMP - Dropdown Icon.psd
  artifactKey: Guid(a7ec9e7ad8b847b7ae4510af83c5d868) Importer(815301076,1909f56bfc062723c751e8b465ee728b)
Start importing Packages/com.unity.textmeshpro/Editor Resources/Gizmos/TMP - Dropdown Icon.psd using Guid(a7ec9e7ad8b847b7ae4510af83c5d868) Importer(815301076,1909f56bfc062723c751e8b465ee728b)  -> (artifact id: '2b85994bdfcd51048716e63d705e08f2') in 0.010792 seconds 
========================================================================
Received Import Request.
  Time since last request: 0.000081 seconds.
  path: Packages/com.unity.textmeshpro/Editor Resources/Gizmos/TMP - Text Component Icon.psd
  artifactKey: Guid(2fd6421f253b4ef1a19526541f9ffc0c) Importer(815301076,1909f56bfc062723c751e8b465ee728b)
Start importing Packages/com.unity.textmeshpro/Editor Resources/Gizmos/TMP - Text Component Icon.psd using Guid(2fd6421f253b4ef1a19526541f9ffc0c) Importer(815301076,1909f56bfc062723c751e8b465ee728b)  -> (artifact id: '6987c0a648b2a421f1f1286b6d13dd0d') in 0.006380 seconds 
========================================================================
Received Import Request.
  Time since last request: 0.000042 seconds.
  path: Packages/com.unity.textmeshpro/Editor Resources/Gizmos/TMP - Sprite Asset Icon.psd
  artifactKey: Guid(ec7c645d93308c04d8840982af12101e) Importer(815301076,1909f56bfc062723c751e8b465ee728b)
Start importing Packages/com.unity.textmeshpro/Editor Resources/Gizmos/TMP - Sprite Asset Icon.psd using Guid(ec7c645d93308c04d8840982af12101e) Importer(815301076,1909f56bfc062723c751e8b465ee728b)  -> (artifact id: '9d29bc5e38b279898518fccd168aecf6') in 0.005221 seconds 
========================================================================
Received Import Request.
  Time since last request: 12.363751 seconds.
  path: Packages/com.jbooth.microsplat.core/Examples/Textures
  artifactKey: Guid(0a324b88ac6fa477393e720a8f0f0822) Importer(815301076,1909f56bfc062723c751e8b465ee728b)
Start importing Packages/com.jbooth.microsplat.core/Examples/Textures using Guid(0a324b88ac6fa477393e720a8f0f0822) Importer(815301076,1909f56bfc062723c751e8b465ee728b)  -> (artifact id: '0e36c09fe113835a8fe3078330febd6d') in 0.001994 seconds 
========================================================================
Received Import Request.
  Time since last request: 0.065081 seconds.
  path: Packages/com.jbooth.microsplat.core/Examples/Textures/cliff_albedo.png
  artifactKey: Guid(b2e5c511fff7f41559554175e2005252) Importer(815301076,1909f56bfc062723c751e8b465ee728b)
Start importing Packages/com.jbooth.microsplat.core/Examples/Textures/cliff_albedo.png using Guid(b2e5c511fff7f41559554175e2005252) Importer(815301076,1909f56bfc062723c751e8b465ee728b)  -> (artifact id: '80758d11bd68122dfd4e47c870b40c45') in 0.011907 seconds 
========================================================================
Received Import Request.
  Time since last request: 0.000039 seconds.
  path: Packages/com.jbooth.microsplat.core/Examples/Textures/cliff_height.png
  artifactKey: Guid(369894f65d5984c138a718772bb1c747) Importer(815301076,1909f56bfc062723c751e8b465ee728b)
Start importing Packages/com.jbooth.microsplat.core/Examples/Textures/cliff_height.png using Guid(369894f65d5984c138a718772bb1c747) Importer(815301076,1909f56bfc062723c751e8b465ee728b)  -> (artifact id: 'b277c45a06880597c8560059d5d42e3b') in 0.008386 seconds 
========================================================================
Received Import Request.
  Time since last request: 0.000052 seconds.
  path: Packages/com.jbooth.microsplat.core/Examples/Textures/rock_cliff_albedo.png
  artifactKey: Guid(a4a9376fca9114840bb973b6693e7ff5) Importer(815301076,1909f56bfc062723c751e8b465ee728b)
Start importing Packages/com.jbooth.microsplat.core/Examples/Textures/rock_cliff_albedo.png using Guid(a4a9376fca9114840bb973b6693e7ff5) Importer(815301076,1909f56bfc062723c751e8b465ee728b)  -> (artifact id: '66899d8eee2a4b6257ba9d9a95d98ac9') in 0.007415 seconds 
========================================================================
Received Import Request.
  Time since last request: 0.000066 seconds.
  path: Packages/com.jbooth.microsplat.core/Examples/Textures/moss_albedo.png
  artifactKey: Guid(66fb879d08c8d4a8d9217a396637cd02) Importer(815301076,1909f56bfc062723c751e8b465ee728b)
Start importing Packages/com.jbooth.microsplat.core/Examples/Textures/moss_albedo.png using Guid(66fb879d08c8d4a8d9217a396637cd02) Importer(815301076,1909f56bfc062723c751e8b465ee728b)  -> (artifact id: '9dd076e8bb3c607bb8caac3fa076bf80') in 0.006711 seconds 
========================================================================
Received Import Request.
  Time since last request: 0.000047 seconds.
  path: Packages/com.jbooth.microsplat.core/Examples/Textures/cliff_norm.png
  artifactKey: Guid(0d8f0ee1a15194978ab3e6702762460f) Importer(815301076,1909f56bfc062723c751e8b465ee728b)
Start importing Packages/com.jbooth.microsplat.core/Examples/Textures/cliff_norm.png using Guid(0d8f0ee1a15194978ab3e6702762460f) Importer(815301076,1909f56bfc062723c751e8b465ee728b)  -> (artifact id: '04bccc134ff1601217cdb0b057efefb7') in 0.035882 seconds 
========================================================================
Received Import Request.
  Time since last request: 0.000063 seconds.
  path: Packages/com.jbooth.microsplat.core/Examples/Textures/cliff_smoothness.png
  artifactKey: Guid(6e74c61dcec3a4dd5ba7d5e40b4ae422) Importer(815301076,1909f56bfc062723c751e8b465ee728b)
Start importing Packages/com.jbooth.microsplat.core/Examples/Textures/cliff_smoothness.png using Guid(6e74c61dcec3a4dd5ba7d5e40b4ae422) Importer(815301076,1909f56bfc062723c751e8b465ee728b)  -> (artifact id: 'b150e224d2f90981691d5c9ceed12211') in 0.006483 seconds 
========================================================================
Received Import Request.
  Time since last request: 0.000039 seconds.
  path: Packages/com.jbooth.microsplat.core/Examples/Textures/shore_sand_smoothness.png
  artifactKey: Guid(4a3982fcc24514da1b539cfb39014206) Importer(815301076,1909f56bfc062723c751e8b465ee728b)
Start importing Packages/com.jbooth.microsplat.core/Examples/Textures/shore_sand_smoothness.png using Guid(4a3982fcc24514da1b539cfb39014206) Importer(815301076,1909f56bfc062723c751e8b465ee728b)  -> (artifact id: 'fdcb887296441d39c8229857a181821a') in 0.006111 seconds 
========================================================================
Received Import Request.
  Time since last request: 0.000070 seconds.
  path: Packages/com.jbooth.microsplat.core/Examples/Textures/rock_cliff_smoothness.png
  artifactKey: Guid(ccdddcfa22e924bb5bde6a40b8ef78df) Importer(815301076,1909f56bfc062723c751e8b465ee728b)
Start importing Packages/com.jbooth.microsplat.core/Examples/Textures/rock_cliff_smoothness.png using Guid(ccdddcfa22e924bb5bde6a40b8ef78df) Importer(815301076,1909f56bfc062723c751e8b465ee728b)  -> (artifact id: '805b3a636d86e39857be7e88edafe0d0') in 0.005888 seconds 
========================================================================
Received Import Request.
  Time since last request: 0.000043 seconds.
  path: Packages/com.jbooth.microsplat.core/Examples/Textures/shore_sand_albedo.png
  artifactKey: Guid(1d6b5702e2d7947a6aca898081729d0f) Importer(815301076,1909f56bfc062723c751e8b465ee728b)
Start importing Packages/com.jbooth.microsplat.core/Examples/Textures/shore_sand_albedo.png using Guid(1d6b5702e2d7947a6aca898081729d0f) Importer(815301076,1909f56bfc062723c751e8b465ee728b)  -> (artifact id: 'ed3d229e756a0addd3741c722bc30d80') in 0.008219 seconds 
========================================================================
Received Import Request.
  Time since last request: 0.000051 seconds.
  path: Packages/com.jbooth.microsplat.core/Examples/Textures/rock_cliff_ao.png
  artifactKey: Guid(d171d477d7bec40a68abb6b20cde67ec) Importer(815301076,1909f56bfc062723c751e8b465ee728b)
Start importing Packages/com.jbooth.microsplat.core/Examples/Textures/rock_cliff_ao.png using Guid(d171d477d7bec40a68abb6b20cde67ec) Importer(815301076,1909f56bfc062723c751e8b465ee728b)  -> (artifact id: 'a83b94b55aa8fd924bc4174b926e7691') in 0.006424 seconds 
========================================================================
Received Import Request.
  Time since last request: 0.000038 seconds.
  path: Packages/com.jbooth.microsplat.core/Examples/Textures/shore_sand_height.png
  artifactKey: Guid(a4803915ed20f45f5a61eac0bbe3e477) Importer(815301076,1909f56bfc062723c751e8b465ee728b)
Start importing Packages/com.jbooth.microsplat.core/Examples/Textures/shore_sand_height.png using Guid(a4803915ed20f45f5a61eac0bbe3e477) Importer(815301076,1909f56bfc062723c751e8b465ee728b)  -> (artifact id: '7363afe088d3004f461ca855c736c7d1') in 0.005995 seconds 
========================================================================
Received Import Request.
  Time since last request: 0.000053 seconds.
  path: Packages/com.jbooth.microsplat.core/Examples/Textures/shore_sand_ao.png
  artifactKey: Guid(f32b234bd5bb84e928d73cbcc11df72b) Importer(815301076,1909f56bfc062723c751e8b465ee728b)
Start importing Packages/com.jbooth.microsplat.core/Examples/Textures/shore_sand_ao.png using Guid(f32b234bd5bb84e928d73cbcc11df72b) Importer(815301076,1909f56bfc062723c751e8b465ee728b)  -> (artifact id: '3a0c3e94318d47c98b4a6af88bbac010') in 0.006030 seconds 
========================================================================
Received Import Request.
  Time since last request: 217.009565 seconds.
  path: Assets/New Terrain 1.asset
  artifactKey: Guid(bcb186cb63df7410586c9b22d77a2cbc) Importer(815301076,1909f56bfc062723c751e8b465ee728b)
Start importing Assets/New Terrain 1.asset using Guid(bcb186cb63df7410586c9b22d77a2cbc) Importer(815301076,1909f56bfc062723c751e8b465ee728b)  -> (artifact id: '59e0967048ff897621a9050999ab2746') in 0.010221 seconds 
========================================================================
Received Import Request.
  Time since last request: 42.064392 seconds.
  path: Assets/MicroSplatData
  artifactKey: Guid(f056ed6535a3341b9b0679bdd8c347a3) Importer(815301076,1909f56bfc062723c751e8b465ee728b)
Start importing Assets/MicroSplatData using Guid(f056ed6535a3341b9b0679bdd8c347a3) Importer(815301076,1909f56bfc062723c751e8b465ee728b)  -> (artifact id: 'e51ff2719402b0edfb32b74099120fb6') in 0.001766 seconds 
========================================================================
Received Prepare
Registering precompiled user dll's ...
Registered in 0.001252 seconds.
Begin MonoManager ReloadAssembly
Thread 0x17ff6f000 may have been prematurely finalized
Symbol file LoadedFromMemory doesn't match image /Users/matthewphillips/projects/First_unity_project/Sun Frog/Library/PackageCache/com.unity.visualscripting@1.8.0/Editor/VisualScripting.Core/Dependencies/YamlDotNet/Unity.VisualScripting.YamlDotNet.dll
Symbol file LoadedFromMemory doesn't match image /Users/matthewphillips/projects/First_unity_project/Sun Frog/Library/PackageCache/com.unity.visualscripting@1.8.0/Editor/VisualScripting.Core/Dependencies/DotNetZip/Unity.VisualScripting.IonicZip.dll
Native extension for OSXStandalone target not found
Native extension for WebGL target not found
Refreshing native plugins compatible for Editor in 0.38 ms, found 2 plugins.
Preloading 0 native plugins for Editor in 0.00 ms.
Mono: successfully reloaded assembly
- Completed reload, in  0.554 seconds
Domain Reload Profiling:
	ReloadAssembly (554ms)
		BeginReloadAssembly (74ms)
			ExecutionOrderSort (0ms)
			DisableScriptedObjects (3ms)
			BackupInstance (0ms)
			ReleaseScriptingObjects (0ms)
			CreateAndSetChildDomain (30ms)
		EndReloadAssembly (428ms)
			LoadAssemblies (27ms)
			RebuildTransferFunctionScriptingTraits (0ms)
			SetupTypeCache (152ms)
			ReleaseScriptCaches (1ms)
			RebuildScriptCaches (26ms)
			SetupLoadedEditorAssemblies (194ms)
				LogAssemblyErrors (0ms)
				InitializePlatformSupportModulesInManaged (5ms)
				SetLoadedEditorAssemblies (0ms)
				RefreshPlugins (0ms)
				BeforeProcessingInitializeOnLoad (37ms)
				ProcessInitializeOnLoadAttributes (143ms)
				ProcessInitializeOnLoadMethodAttributes (8ms)
				AfterProcessingInitializeOnLoad (1ms)
				EditorAssembliesLoaded (0ms)
			ExecutionOrderSort2 (0ms)
			AwakeInstancesAfterBackupRestoration (2ms)
Platform modules already initialized, skipping
Refreshing native plugins compatible for Editor in 0.78 ms, found 2 plugins.
Preloading 0 native plugins for Editor in 0.00 ms.
Unloading 3250 Unused Serialized files (Serialized files now loaded: 0)
Unloading 35 unused Assets / (7.9 MB). Loaded Objects now: 3798.
Memory consumption went from 166.0 MB to 158.1 MB.
Total: 2.522708 ms (FindLiveObjects: 0.100792 ms CreateObjectMapping: 0.037584 ms MarkObjects: 1.881375 ms  DeleteObjects: 0.502291 ms)

AssetImportParameters requested are different than current active one (requested -> active):
  custom:video-decoder-ogg-theora: a1e56fd34408186e4bbccfd4996cb3dc -> 
  custom:container-muxer-webm: aa71ff27fc2769a1b78a27578f13a17b -> 
  custom:container-demuxer-webm: 4f35f7cbe854078d1ac9338744f61a02 -> 
  custom:video-encoder-webm-vp8: eb34c28f22e8b96e1ab97ce403110664 -> 
  custom:framework-osx-AVFoundation: e770b220cccbd017edd2c1fefb359320 -> 
  custom:audio-encoder-webm-vorbis: bf7c407c2cedff20999df2af8eb42d56 -> 
  custom:container-demuxer-ogg: 62fdf1f143b41e24485cea50d1cbac27 -> 
  custom:video-decoder-webm-vp8: 9c59270c3fd7afecdb556c50c9e8de78 -> 
  custom:audio-decoder-ogg-vorbis: bf7c407c2cedff20999df2af8eb42d56 -> 
========================================================================
Received Import Request.
  Time since last request: 295.394783 seconds.
  path: Assets/ProceduralTerrainPainter/Documentation.pdf
  artifactKey: Guid(6d2875709cd10654b80d179a45b0b36d) Importer(815301076,1909f56bfc062723c751e8b465ee728b)
Start importing Assets/ProceduralTerrainPainter/Documentation.pdf using Guid(6d2875709cd10654b80d179a45b0b36d) Importer(815301076,1909f56bfc062723c751e8b465ee728b)  -> (artifact id: 'b03b8b69dca0c4198cc76a28ef46e638') in 0.012116 seconds 
========================================================================
Received Import Request.
  Time since last request: 178.045886 seconds.
  path: Assets/New Terrain 1.asset
  artifactKey: Guid(bcb186cb63df7410586c9b22d77a2cbc) Importer(815301076,1909f56bfc062723c751e8b465ee728b)
Start importing Assets/New Terrain 1.asset using Guid(bcb186cb63df7410586c9b22d77a2cbc) Importer(815301076,1909f56bfc062723c751e8b465ee728b)  -> (artifact id: 'c9fdeb8051a19cf969b4d1dae665b93d') in 0.033559 seconds 
========================================================================
Received Import Request.
  Time since last request: 6.804317 seconds.
  path: Assets/New Terrain.asset
  artifactKey: Guid(547241f8bae0543118a267c3fb419318) Importer(815301076,1909f56bfc062723c751e8b465ee728b)
Start importing Assets/New Terrain.asset using Guid(547241f8bae0543118a267c3fb419318) Importer(815301076,1909f56bfc062723c751e8b465ee728b)  -> (artifact id: '8ea04baa3f61658e70ba6b9bb67d40ed') in 0.006680 seconds 
========================================================================
Received Import Request.
  Time since last request: 1.220639 seconds.
  path: Assets/Scenes
  artifactKey: Guid(6ea315d0fd7389c41b19996891e99ae3) Importer(815301076,1909f56bfc062723c751e8b465ee728b)
Start importing Assets/Scenes using Guid(6ea315d0fd7389c41b19996891e99ae3) Importer(815301076,1909f56bfc062723c751e8b465ee728b)  -> (artifact id: 'b8193726cff86800c54781cdc6d54904') in 0.001841 seconds 
========================================================================
Received Import Request.
  Time since last request: 76.075753 seconds.
  path: Assets/ProceduralTerrainPainter/_Demo/Layers/Cliffs.terrainlayer
  artifactKey: Guid(69debc15b685aef4aa7bb2783ddd8a2b) Importer(815301076,1909f56bfc062723c751e8b465ee728b)
Start importing Assets/ProceduralTerrainPainter/_Demo/Layers/Cliffs.terrainlayer using Guid(69debc15b685aef4aa7bb2783ddd8a2b) Importer(815301076,1909f56bfc062723c751e8b465ee728b)  -> (artifact id: '7be465b683e1af0489657e5ca35593dc') in 0.035638 seconds 
========================================================================
Received Import Request.
  Time since last request: 0.000076 seconds.
  path: Assets/ProceduralTerrainPainter/_Demo/Layers/Grass.terrainlayer
  artifactKey: Guid(a026f67c6452bb7488422ec75c67c660) Importer(815301076,1909f56bfc062723c751e8b465ee728b)
Start importing Assets/ProceduralTerrainPainter/_Demo/Layers/Grass.terrainlayer using Guid(a026f67c6452bb7488422ec75c67c660) Importer(815301076,1909f56bfc062723c751e8b465ee728b)  -> (artifact id: 'cda4c541763cd26c7a1fac844e23ff76') in 0.004535 seconds 
========================================================================
Received Import Request.
  Time since last request: 5.471881 seconds.
  path: Assets/ProceduralTerrainPainter/_Demo/Textures/Ground_037_Albedo.png
  artifactKey: Guid(fbba21ba6c1f94445b5fc5ec8761416d) Importer(815301076,1909f56bfc062723c751e8b465ee728b)
Start importing Assets/ProceduralTerrainPainter/_Demo/Textures/Ground_037_Albedo.png using Guid(fbba21ba6c1f94445b5fc5ec8761416d) Importer(815301076,1909f56bfc062723c751e8b465ee728b)  -> (artifact id: '2d52ee3bd2d8ab0712ccde0778d6ba3d') in 0.005163 seconds 
========================================================================
Received Import Request.
  Time since last request: 36.973703 seconds.
  path: Assets/ProceduralTerrainPainter/_Demo/Textures/Ground_037_Normals.png
  artifactKey: Guid(583f9047eed05c342b9997b4ff0270a3) Importer(815301076,1909f56bfc062723c751e8b465ee728b)
Start importing Assets/ProceduralTerrainPainter/_Demo/Textures/Ground_037_Normals.png using Guid(583f9047eed05c342b9997b4ff0270a3) Importer(815301076,1909f56bfc062723c751e8b465ee728b)  -> (artifact id: '73a7d5a697f546c29771693a8559e585') in 0.008626 seconds 
========================================================================
Received Import Request.
  Time since last request: 10.326418 seconds.
  path: Assets/ProceduralTerrainPainter/_Demo/Textures/Gravel_020_Albedo.png
  artifactKey: Guid(2abbf73cff3e28c429570b6ac2d1d41b) Importer(815301076,1909f56bfc062723c751e8b465ee728b)
Start importing Assets/ProceduralTerrainPainter/_Demo/Textures/Gravel_020_Albedo.png using Guid(2abbf73cff3e28c429570b6ac2d1d41b) Importer(815301076,1909f56bfc062723c751e8b465ee728b)  -> (artifact id: 'e32b0546930d881a14de946020ec3e39') in 0.008419 seconds 
========================================================================
Received Import Request.
  Time since last request: 0.000080 seconds.
  path: Assets/ProceduralTerrainPainter/_Demo/Textures/Ground_008_Albedo.png
  artifactKey: Guid(f4c2b7e2446a93443a8602ed52450824) Importer(815301076,1909f56bfc062723c751e8b465ee728b)
Start importing Assets/ProceduralTerrainPainter/_Demo/Textures/Ground_008_Albedo.png using Guid(f4c2b7e2446a93443a8602ed52450824) Importer(815301076,1909f56bfc062723c751e8b465ee728b)  -> (artifact id: '82e259a93d46233785dbdbdc1fcbd8ff') in 0.005923 seconds 
========================================================================
Received Import Request.
  Time since last request: 0.000040 seconds.
  path: Assets/ProceduralTerrainPainter/_Demo/Textures/Ground_008_Normals.png
  artifactKey: Guid(ddfcfecd4e7574b41ab6d976c9778486) Importer(815301076,1909f56bfc062723c751e8b465ee728b)
Start importing Assets/ProceduralTerrainPainter/_Demo/Textures/Ground_008_Normals.png using Guid(ddfcfecd4e7574b41ab6d976c9778486) Importer(815301076,1909f56bfc062723c751e8b465ee728b)  -> (artifact id: '605c77ceef99f2a4cdb2e669d84103c3') in 0.005839 seconds 
========================================================================
Received Import Request.
  Time since last request: 0.000049 seconds.
  path: Assets/ProceduralTerrainPainter/_Demo/Textures/Sand_034_Albedo.png
  artifactKey: Guid(780df0da6ab54ca40821db1b339520ee) Importer(815301076,1909f56bfc062723c751e8b465ee728b)
Start importing Assets/ProceduralTerrainPainter/_Demo/Textures/Sand_034_Albedo.png using Guid(780df0da6ab54ca40821db1b339520ee) Importer(815301076,1909f56bfc062723c751e8b465ee728b)  -> (artifact id: '556005a27fee8a3e292d09fb3dffbcd4') in 0.004421 seconds 
========================================================================
Received Import Request.
  Time since last request: 0.000061 seconds.
  path: Assets/ProceduralTerrainPainter/_Demo/Textures/Snow_006_Normals.png
  artifactKey: Guid(55e05f56a6aa4804ea4a76b5b7b35fd1) Importer(815301076,1909f56bfc062723c751e8b465ee728b)
Start importing Assets/ProceduralTerrainPainter/_Demo/Textures/Snow_006_Normals.png using Guid(55e05f56a6aa4804ea4a76b5b7b35fd1) Importer(815301076,1909f56bfc062723c751e8b465ee728b)  -> (artifact id: 'daaea104b7e99804f78c84fceaea6c08') in 0.004265 seconds 
========================================================================
Received Import Request.
  Time since last request: 92.856473 seconds.
  path: Assets/ProceduralTerrainPainter/_Demo/Layers/Grass.terrainlayer
  artifactKey: Guid(a026f67c6452bb7488422ec75c67c660) Importer(815301076,1909f56bfc062723c751e8b465ee728b)
Start importing Assets/ProceduralTerrainPainter/_Demo/Layers/Grass.terrainlayer using Guid(a026f67c6452bb7488422ec75c67c660) Importer(815301076,1909f56bfc062723c751e8b465ee728b)  -> (artifact id: '88fc8e8a9c81b1f68334c6cd3a360923') in 0.006914 seconds 
========================================================================
Received Import Request.
  Time since last request: 99.441634 seconds.
  path: Assets/ProceduralTerrainPainter/_Demo/Layers/Gravel.terrainlayer
  artifactKey: Guid(0cb80391d22817b42a6231c64293ae96) Importer(815301076,1909f56bfc062723c751e8b465ee728b)
Start importing Assets/ProceduralTerrainPainter/_Demo/Layers/Gravel.terrainlayer using Guid(0cb80391d22817b42a6231c64293ae96) Importer(815301076,1909f56bfc062723c751e8b465ee728b)  -> (artifact id: '4ff960f0701ca51a5479c682a4702cfd') in 0.006240 seconds 
========================================================================
Received Import Request.
  Time since last request: 44.238255 seconds.
  path: Assets/New Terrain 1.asset
  artifactKey: Guid(bcb186cb63df7410586c9b22d77a2cbc) Importer(815301076,1909f56bfc062723c751e8b465ee728b)
Start importing Assets/New Terrain 1.asset using Guid(bcb186cb63df7410586c9b22d77a2cbc) Importer(815301076,1909f56bfc062723c751e8b465ee728b)  -> (artifact id: '5b9a2f0205f3a9a56ce810bbf87d2323') in 0.013874 seconds 
========================================================================
Received Import Request.
  Time since last request: 1.555854 seconds.
  path: Assets/ProceduralTerrainPainter/_Demo/TerrainData/TerrainChunk_0.asset
  artifactKey: Guid(80c2198814d1a694f9044e4f5a861c2b) Importer(815301076,1909f56bfc062723c751e8b465ee728b)
Start importing Assets/ProceduralTerrainPainter/_Demo/TerrainData/TerrainChunk_0.asset using Guid(80c2198814d1a694f9044e4f5a861c2b) Importer(815301076,1909f56bfc062723c751e8b465ee728b)  -> (artifact id: 'd596b6ba35d17f947c291dc39c6e514c') in 0.012475 seconds 
========================================================================
Received Import Request.
  Time since last request: 0.000052 seconds.
  path: Assets/ProceduralTerrainPainter/_Demo/TerrainData/TerrainChunk_3.asset
  artifactKey: Guid(0c299d6c9e830aa4d9ef9301ea8ec433) Importer(815301076,1909f56bfc062723c751e8b465ee728b)
Start importing Assets/ProceduralTerrainPainter/_Demo/TerrainData/TerrainChunk_3.asset using Guid(0c299d6c9e830aa4d9ef9301ea8ec433) Importer(815301076,1909f56bfc062723c751e8b465ee728b)  -> (artifact id: 'fec9f383cf19eb8b32be54fc1d3b5f0f') in 0.012395 seconds 
========================================================================
Received Import Request.
  Time since last request: 55.060410 seconds.
  path: Assets/New Terrain 1.asset
  artifactKey: Guid(bcb186cb63df7410586c9b22d77a2cbc) Importer(815301076,1909f56bfc062723c751e8b465ee728b)
Start importing Assets/New Terrain 1.asset using Guid(bcb186cb63df7410586c9b22d77a2cbc) Importer(815301076,1909f56bfc062723c751e8b465ee728b)  -> (artifact id: 'e43643dcf1ce7c7926408fc11bef7468') in 0.006971 seconds 
========================================================================
Received Import Request.
  Time since last request: 28.288655 seconds.
  path: Assets/ProceduralTerrainPainter/_Demo/PTP_TerrainMat.mat
  artifactKey: Guid(b8b309b499f9d104baca1fbf190fd575) Importer(815301076,1909f56bfc062723c751e8b465ee728b)
Start importing Assets/ProceduralTerrainPainter/_Demo/PTP_TerrainMat.mat using Guid(b8b309b499f9d104baca1fbf190fd575) Importer(815301076,1909f56bfc062723c751e8b465ee728b)  -> (artifact id: '3c10c7ac24c59c31b5e05cb5773a53b4') in 0.176937 seconds 
========================================================================
Received Import Request.
  Time since last request: 55.706113 seconds.
  path: Packages/com.jbooth.microsplat.core/Examples/Scene/08-08_Sunset_C.mat
  artifactKey: Guid(80459acd3edb74c30b7ddbe47a27c412) Importer(815301076,1909f56bfc062723c751e8b465ee728b)
Start importing Packages/com.jbooth.microsplat.core/Examples/Scene/08-08_Sunset_C.mat using Guid(80459acd3edb74c30b7ddbe47a27c412) Importer(815301076,1909f56bfc062723c751e8b465ee728b)  -> (artifact id: '9b1ccb329754e5cca88cdb3e6cb5b1b2') in 0.071895 seconds 
========================================================================
Received Import Request.
  Time since last request: 112.744235 seconds.
  path: Assets/ProceduralTerrainPainter/Shaders
  artifactKey: Guid(6bdb402b847f69a4b999c5c4b810107f) Importer(815301076,1909f56bfc062723c751e8b465ee728b)
Start importing Assets/ProceduralTerrainPainter/Shaders using Guid(6bdb402b847f69a4b999c5c4b810107f) Importer(815301076,1909f56bfc062723c751e8b465ee728b)  -> (artifact id: '8b6b06cc1f45dc19373c6d8940405275') in 0.002157 seconds 
========================================================================
Received Import Request.
  Time since last request: 0.059787 seconds.
  path: Assets/ProceduralTerrainPainter/Shaders/Filters.hlsl
  artifactKey: Guid(9318a23df348cbf47b7b69ca57bd0d41) Importer(815301076,1909f56bfc062723c751e8b465ee728b)
Start importing Assets/ProceduralTerrainPainter/Shaders/Filters.hlsl using Guid(9318a23df348cbf47b7b69ca57bd0d41) Importer(815301076,1909f56bfc062723c751e8b465ee728b)  -> (artifact id: '668009a566ead1198cb8ed8a92e99395') in 0.033100 seconds 
